2023.07.04 09:58:38 INFO  ce[][o.s.p.ProcessEntryPoint] Starting Compute Engine
2023.07.04 09:58:38 INFO  ce[][o.s.ce.app.CeServer] Compute Engine starting up...
2023.07.04 09:58:38 INFO  ce[][o.s.d.DefaultDatabase] Create JDBC data source for jdbc:postgresql://db:5432/sonar
2023.07.04 09:58:39 INFO  ce[][c.z.h.HikariDataSource] HikariPool-1 - Starting...
2023.07.04 09:58:39 INFO  ce[][c.z.h.p.HikariPool] HikariPool-1 - Added connection org.postgresql.jdbc.PgConnection@3360ec8d
2023.07.04 09:58:39 INFO  ce[][c.z.h.HikariDataSource] HikariPool-1 - Start completed.
2023.07.04 09:58:39 INFO  ce[][o.s.s.p.ServerFileSystemImpl] SonarQube home: /opt/sonarqube
2023.07.04 09:58:40 INFO  ce[][o.s.c.c.CePluginRepository] Load plugins
2023.07.04 09:58:41 INFO  ce[][o.s.c.c.ComputeEngineContainerImpl] Running Community edition
2023.07.04 09:58:41 INFO  ce[][o.s.ce.app.CeServer] Compute Engine is started
2023.07.04 10:00:16 INFO  ce[][o.s.p.ProcessEntryPoint] Gracefully stopping process
2023.07.04 10:00:16 INFO  ce[][o.s.ce.app.CeServer] Compute Engine is stopping...
2023.07.04 10:00:16 INFO  ce[][o.s.c.t.CeProcessingSchedulerImpl] Gracefully stopping workers...
2023.07.04 10:00:16 INFO  ce[][c.z.h.HikariDataSource] HikariPool-1 - Shutdown initiated...
2023.07.04 10:00:16 INFO  ce[][c.z.h.HikariDataSource] HikariPool-1 - Shutdown completed.
2023.07.04 10:00:16 INFO  ce[][o.s.ce.app.CeServer] Compute Engine is stopped
2023.07.04 10:00:54 INFO  ce[][o.s.p.ProcessEntryPoint] Starting Compute Engine
2023.07.04 10:00:54 INFO  ce[][o.s.ce.app.CeServer] Compute Engine starting up...
2023.07.04 10:00:54 INFO  ce[][o.s.d.DefaultDatabase] Create JDBC data source for jdbc:postgresql://db:5432/sonar
2023.07.04 10:00:54 INFO  ce[][c.z.h.HikariDataSource] HikariPool-1 - Starting...
2023.07.04 10:00:54 INFO  ce[][c.z.h.p.HikariPool] HikariPool-1 - Added connection org.postgresql.jdbc.PgConnection@321aec02
2023.07.04 10:00:54 INFO  ce[][c.z.h.HikariDataSource] HikariPool-1 - Start completed.
2023.07.04 10:00:55 INFO  ce[][o.s.s.p.ServerFileSystemImpl] SonarQube home: /opt/sonarqube
2023.07.04 10:00:55 INFO  ce[][o.s.c.c.CePluginRepository] Load plugins
2023.07.04 10:00:56 INFO  ce[][o.s.c.c.ComputeEngineContainerImpl] Running Community edition
2023.07.04 10:00:56 INFO  ce[][o.s.ce.app.CeServer] Compute Engine is started
2023.07.04 10:02:21 INFO  ce[][o.s.p.ProcessEntryPoint] Gracefully stopping process
2023.07.04 10:02:21 INFO  ce[][o.s.ce.app.CeServer] Compute Engine is stopping...
2023.07.04 10:02:21 INFO  ce[][o.s.c.t.CeProcessingSchedulerImpl] Gracefully stopping workers...
2023.07.04 10:02:21 INFO  ce[][c.z.h.HikariDataSource] HikariPool-1 - Shutdown initiated...
2023.07.04 10:02:21 INFO  ce[][c.z.h.HikariDataSource] HikariPool-1 - Shutdown completed.
2023.07.04 10:02:21 INFO  ce[][o.s.ce.app.CeServer] Compute Engine is stopped
2023.07.04 10:03:21 INFO  ce[][o.s.p.ProcessEntryPoint] Starting Compute Engine
2023.07.04 10:03:21 INFO  ce[][o.s.ce.app.CeServer] Compute Engine starting up...
2023.07.04 10:03:21 INFO  ce[][o.s.d.DefaultDatabase] Create JDBC data source for jdbc:postgresql://db:5432/sonar
2023.07.04 10:03:21 INFO  ce[][c.z.h.HikariDataSource] HikariPool-1 - Starting...
2023.07.04 10:03:21 INFO  ce[][c.z.h.p.HikariPool] HikariPool-1 - Added connection org.postgresql.jdbc.PgConnection@178d11bf
2023.07.04 10:03:21 INFO  ce[][c.z.h.HikariDataSource] HikariPool-1 - Start completed.
2023.07.04 10:03:22 INFO  ce[][o.s.s.p.ServerFileSystemImpl] SonarQube home: /opt/sonarqube
2023.07.04 10:03:22 INFO  ce[][o.s.c.c.CePluginRepository] Load plugins
2023.07.04 10:03:23 INFO  ce[][o.s.c.c.ComputeEngineContainerImpl] Running Community edition
2023.07.04 10:03:23 INFO  ce[][o.s.ce.app.CeServer] Compute Engine is started
2023.07.04 10:05:53 INFO  ce[][o.s.p.ProcessEntryPoint] Gracefully stopping process
2023.07.04 10:05:53 INFO  ce[][o.s.ce.app.CeServer] Compute Engine is stopping...
2023.07.04 10:05:53 INFO  ce[][o.s.c.t.CeProcessingSchedulerImpl] Gracefully stopping workers...
2023.07.04 10:05:53 INFO  ce[][c.z.h.HikariDataSource] HikariPool-1 - Shutdown initiated...
2023.07.04 10:05:53 INFO  ce[][c.z.h.HikariDataSource] HikariPool-1 - Shutdown completed.
2023.07.04 10:05:53 INFO  ce[][o.s.ce.app.CeServer] Compute Engine is stopped
2023.07.04 10:07:22 INFO  ce[][o.s.p.ProcessEntryPoint] Starting Compute Engine
2023.07.04 10:07:22 INFO  ce[][o.s.ce.app.CeServer] Compute Engine starting up...
2023.07.04 10:07:23 INFO  ce[][o.s.d.DefaultDatabase] Create JDBC data source for jdbc:postgresql://db:5432/sonar
2023.07.04 10:07:23 INFO  ce[][c.z.h.HikariDataSource] HikariPool-1 - Starting...
2023.07.04 10:07:23 INFO  ce[][c.z.h.p.HikariPool] HikariPool-1 - Added connection org.postgresql.jdbc.PgConnection@c3866aa
2023.07.04 10:07:23 INFO  ce[][c.z.h.HikariDataSource] HikariPool-1 - Start completed.
2023.07.04 10:07:24 INFO  ce[][o.s.s.p.ServerFileSystemImpl] SonarQube home: /opt/sonarqube
2023.07.04 10:07:24 INFO  ce[][o.s.c.c.CePluginRepository] Load plugins
2023.07.04 10:07:25 INFO  ce[][o.s.c.c.ComputeEngineContainerImpl] Running Community edition
2023.07.04 10:07:25 INFO  ce[][o.s.ce.app.CeServer] Compute Engine is started
2023.07.04 11:43:13 INFO  ce[][o.s.p.ProcessEntryPoint] Gracefully stopping process
2023.07.04 11:43:13 INFO  ce[][o.s.ce.app.CeServer] Compute Engine is stopping...
2023.07.04 11:43:13 INFO  ce[][o.s.c.t.CeProcessingSchedulerImpl] Gracefully stopping workers...
2023.07.04 11:43:13 INFO  ce[][c.z.h.HikariDataSource] HikariPool-1 - Shutdown initiated...
2023.07.04 11:43:13 INFO  ce[][c.z.h.HikariDataSource] HikariPool-1 - Shutdown completed.
2023.07.04 11:43:13 INFO  ce[][o.s.ce.app.CeServer] Compute Engine is stopped
2023.07.04 11:43:49 INFO  ce[][o.s.p.ProcessEntryPoint] Starting Compute Engine
2023.07.04 11:43:49 INFO  ce[][o.s.ce.app.CeServer] Compute Engine starting up...
2023.07.04 11:43:50 INFO  ce[][o.s.d.DefaultDatabase] Create JDBC data source for jdbc:postgresql://db:5432/sonar
2023.07.04 11:43:50 INFO  ce[][c.z.h.HikariDataSource] HikariPool-1 - Starting...
2023.07.04 11:43:50 INFO  ce[][c.z.h.p.HikariPool] HikariPool-1 - Added connection org.postgresql.jdbc.PgConnection@c3866aa
2023.07.04 11:43:50 INFO  ce[][c.z.h.HikariDataSource] HikariPool-1 - Start completed.
2023.07.04 11:43:51 INFO  ce[][o.s.s.p.ServerFileSystemImpl] SonarQube home: /opt/sonarqube
2023.07.04 11:43:51 INFO  ce[][o.s.c.c.CePluginRepository] Load plugins
2023.07.04 11:43:52 INFO  ce[][o.s.c.c.ComputeEngineContainerImpl] Running Community edition
2023.07.04 11:43:52 INFO  ce[][o.s.ce.app.CeServer] Compute Engine is started
2023.07.04 17:48:18 INFO  ce[][o.s.p.ProcessEntryPoint] Gracefully stopping process
2023.07.04 17:48:18 INFO  ce[][o.s.ce.app.CeServer] Compute Engine is stopping...
2023.07.04 17:48:18 INFO  ce[][o.s.c.t.CeProcessingSchedulerImpl] Gracefully stopping workers...
2023.07.04 17:48:18 INFO  ce[][c.z.h.HikariDataSource] HikariPool-1 - Shutdown initiated...
2023.07.04 17:48:18 INFO  ce[][c.z.h.HikariDataSource] HikariPool-1 - Shutdown completed.
2023.07.04 17:48:18 INFO  ce[][o.s.ce.app.CeServer] Compute Engine is stopped
2023.07.04 17:48:51 INFO  ce[][o.s.p.ProcessEntryPoint] Starting Compute Engine
2023.07.04 17:48:51 INFO  ce[][o.s.ce.app.CeServer] Compute Engine starting up...
2023.07.04 17:48:51 INFO  ce[][o.s.d.DefaultDatabase] Create JDBC data source for jdbc:postgresql://db:5432/sonar
2023.07.04 17:48:51 INFO  ce[][c.z.h.HikariDataSource] HikariPool-1 - Starting...
2023.07.04 17:48:51 INFO  ce[][c.z.h.p.HikariPool] HikariPool-1 - Added connection org.postgresql.jdbc.PgConnection@178d11bf
2023.07.04 17:48:51 INFO  ce[][c.z.h.HikariDataSource] HikariPool-1 - Start completed.
2023.07.04 17:48:52 INFO  ce[][o.s.s.p.ServerFileSystemImpl] SonarQube home: /opt/sonarqube
2023.07.04 17:48:52 INFO  ce[][o.s.c.c.CePluginRepository] Load plugins
2023.07.04 17:48:53 INFO  ce[][o.s.c.c.ComputeEngineContainerImpl] Running Community edition
2023.07.04 17:48:53 INFO  ce[][o.s.ce.app.CeServer] Compute Engine is started
2023.07.04 17:49:10 INFO  ce[][o.s.p.ProcessEntryPoint] Gracefully stopping process
2023.07.04 17:49:10 INFO  ce[][o.s.ce.app.CeServer] Compute Engine is stopping...
2023.07.04 17:49:10 INFO  ce[][o.s.c.t.CeProcessingSchedulerImpl] Gracefully stopping workers...
2023.07.04 17:49:10 INFO  ce[][c.z.h.HikariDataSource] HikariPool-1 - Shutdown initiated...
2023.07.04 17:49:10 INFO  ce[][c.z.h.HikariDataSource] HikariPool-1 - Shutdown completed.
2023.07.04 17:49:10 INFO  ce[][o.s.ce.app.CeServer] Compute Engine is stopped
2023.07.04 17:49:42 INFO  ce[][o.s.p.ProcessEntryPoint] Starting Compute Engine
2023.07.04 17:49:42 INFO  ce[][o.s.ce.app.CeServer] Compute Engine starting up...
2023.07.04 17:49:43 INFO  ce[][o.s.d.DefaultDatabase] Create JDBC data source for jdbc:postgresql://db:5432/sonar
2023.07.04 17:49:43 INFO  ce[][c.z.h.HikariDataSource] HikariPool-1 - Starting...
2023.07.04 17:49:43 INFO  ce[][c.z.h.p.HikariPool] HikariPool-1 - Added connection org.postgresql.jdbc.PgConnection@178d11bf
2023.07.04 17:49:43 INFO  ce[][c.z.h.HikariDataSource] HikariPool-1 - Start completed.
2023.07.04 17:49:43 INFO  ce[][o.s.s.p.ServerFileSystemImpl] SonarQube home: /opt/sonarqube
2023.07.04 17:49:43 INFO  ce[][o.s.c.c.CePluginRepository] Load plugins
2023.07.04 17:49:44 INFO  ce[][o.s.c.c.ComputeEngineContainerImpl] Running Community edition
2023.07.04 17:49:44 INFO  ce[][o.s.ce.app.CeServer] Compute Engine is started
