2023.07.08 05:17:03 INFO  ce[][o.s.p.ProcessEntryPoint] Starting Compute Engine
2023.07.08 05:17:03 INFO  ce[][o.s.ce.app.CeServer] Compute Engine starting up...
2023.07.08 05:17:03 INFO  ce[][o.s.d.DefaultDatabase] Create JDBC data source for jdbc:postgresql://db:5432/sonar
2023.07.08 05:17:03 INFO  ce[][c.z.h.HikariDataSource] HikariPool-1 - Starting...
2023.07.08 05:17:03 INFO  ce[][c.z.h.p.HikariPool] HikariPool-1 - Added connection org.postgresql.jdbc.PgConnection@4f39372c
2023.07.08 05:17:03 INFO  ce[][c.z.h.HikariDataSource] HikariPool-1 - Start completed.
2023.07.08 05:17:04 INFO  ce[][o.s.s.p.ServerFileSystemImpl] SonarQube home: /opt/sonarqube
2023.07.08 05:17:04 INFO  ce[][o.s.c.c.CePluginRepository] Load plugins
2023.07.08 05:17:05 INFO  ce[][o.s.c.c.ComputeEngineContainerImpl] Running Community edition
2023.07.08 05:17:05 INFO  ce[][o.s.ce.app.CeServer] Compute Engine is started
2023.07.08 13:08:23 INFO  ce[][o.s.p.ProcessEntryPoint] Gracefully stopping process
2023.07.08 13:08:23 INFO  ce[][o.s.ce.app.CeServer] Compute Engine is stopping...
2023.07.08 13:08:23 INFO  ce[][o.s.c.t.CeProcessingSchedulerImpl] Gracefully stopping workers...
2023.07.08 13:08:24 INFO  ce[][c.z.h.HikariDataSource] HikariPool-1 - Shutdown initiated...
2023.07.08 13:08:24 INFO  ce[][c.z.h.HikariDataSource] HikariPool-1 - Shutdown completed.
2023.07.08 13:08:24 INFO  ce[][o.s.ce.app.CeServer] Compute Engine is stopped
2023.07.08 13:10:45 INFO  ce[][o.s.p.ProcessEntryPoint] Starting Compute Engine
2023.07.08 13:10:45 INFO  ce[][o.s.ce.app.CeServer] Compute Engine starting up...
2023.07.08 13:10:45 INFO  ce[][o.s.d.DefaultDatabase] Create JDBC data source for jdbc:postgresql://db:5432/sonar
2023.07.08 13:10:45 INFO  ce[][c.z.h.HikariDataSource] HikariPool-1 - Starting...
2023.07.08 13:10:45 INFO  ce[][c.z.h.p.HikariPool] HikariPool-1 - Added connection org.postgresql.jdbc.PgConnection@5f49ec4e
2023.07.08 13:10:45 INFO  ce[][c.z.h.HikariDataSource] HikariPool-1 - Start completed.
2023.07.08 13:10:46 INFO  ce[][o.s.s.p.ServerFileSystemImpl] SonarQube home: /opt/sonarqube
2023.07.08 13:10:46 INFO  ce[][o.s.c.c.CePluginRepository] Load plugins
2023.07.08 13:10:47 INFO  ce[][o.s.c.c.ComputeEngineContainerImpl] Running Community edition
2023.07.08 13:10:47 INFO  ce[][o.s.ce.app.CeServer] Compute Engine is started
2023.07.08 13:23:02 INFO  ce[][o.s.p.ProcessEntryPoint] Gracefully stopping process
2023.07.08 13:23:02 INFO  ce[][o.s.ce.app.CeServer] Compute Engine is stopping...
2023.07.08 13:23:02 INFO  ce[][o.s.c.t.CeProcessingSchedulerImpl] Gracefully stopping workers...
2023.07.08 13:23:02 INFO  ce[][c.z.h.HikariDataSource] HikariPool-1 - Shutdown initiated...
2023.07.08 13:23:02 INFO  ce[][c.z.h.HikariDataSource] HikariPool-1 - Shutdown completed.
2023.07.08 13:23:02 INFO  ce[][o.s.ce.app.CeServer] Compute Engine is stopped
2023.07.08 13:23:51 INFO  ce[][o.s.p.ProcessEntryPoint] Starting Compute Engine
2023.07.08 13:23:51 INFO  ce[][o.s.ce.app.CeServer] Compute Engine starting up...
2023.07.08 13:23:52 INFO  ce[][o.s.d.DefaultDatabase] Create JDBC data source for jdbc:postgresql://db:5432/sonar
2023.07.08 13:23:52 INFO  ce[][c.z.h.HikariDataSource] HikariPool-1 - Starting...
2023.07.08 13:23:52 INFO  ce[][c.z.h.p.HikariPool] HikariPool-1 - Added connection org.postgresql.jdbc.PgConnection@178d11bf
2023.07.08 13:23:52 INFO  ce[][c.z.h.HikariDataSource] HikariPool-1 - Start completed.
2023.07.08 13:23:52 INFO  ce[][o.s.s.p.ServerFileSystemImpl] SonarQube home: /opt/sonarqube
2023.07.08 13:23:52 INFO  ce[][o.s.c.c.CePluginRepository] Load plugins
2023.07.08 13:23:53 INFO  ce[][o.s.c.c.ComputeEngineContainerImpl] Running Community edition
2023.07.08 13:23:53 INFO  ce[][o.s.ce.app.CeServer] Compute Engine is started
