2023.07.05 00:06:24 WARN  es[][o.e.t.ThreadPool] timer thread slept for [1.4h/5096115ms] on absolute clock which is above the warn threshold of [5000ms]
2023.07.05 01:30:54 WARN  es[][o.e.t.ThreadPool] timer thread slept for [1.3h/5039303ms] on absolute clock which is above the warn threshold of [5000ms]
2023.07.05 02:43:03 WARN  es[][o.e.t.ThreadPool] timer thread slept for [1.1h/4299804ms] on absolute clock which is above the warn threshold of [5000ms]
2023.07.05 03:23:13 WARN  es[][o.e.t.ThreadPool] timer thread slept for [12.1m/729648ms] on absolute clock which is above the warn threshold of [5000ms]
2023.07.05 04:04:21 WARN  es[][o.e.t.ThreadPool] timer thread slept for [39.6m/2377828ms] on absolute clock which is above the warn threshold of [5000ms]
2023.07.05 04:20:43 WARN  es[][o.e.t.ThreadPool] timer thread slept for [15.8m/951953ms] on absolute clock which is above the warn threshold of [5000ms]
2023.07.05 04:53:33 WARN  es[][o.e.t.ThreadPool] timer thread slept for [32.3m/1940125ms] on absolute clock which is above the warn threshold of [5000ms]
2023.07.05 04:56:58 WARN  es[][o.e.t.ThreadPool] timer thread slept for [2.9m/175307ms] on absolute clock which is above the warn threshold of [5000ms]
2023.07.05 04:57:27 WARN  es[][o.e.t.ThreadPool] absolute clock went backwards by [19ms/19ms] while timer thread was sleeping
2023.07.05 07:49:44 WARN  es[][o.e.t.ThreadPool] timer thread slept for [1.7m/104097ms] on absolute clock which is above the warn threshold of [5000ms]
2023.07.05 09:32:26 WARN  es[][o.e.t.ThreadPool] timer thread slept for [11.5s/11566ms] on absolute clock which is above the warn threshold of [5000ms]
2023.07.05 12:43:49 WARN  es[][o.e.t.ThreadPool] timer thread slept for [11.5s/11565648797ns] on relative clock which is above the warn threshold of [5000ms]
2023.07.05 12:43:49 WARN  es[][o.e.t.ThreadPool] timer thread slept for [3.1h/11483479ms] on absolute clock which is above the warn threshold of [5000ms]
2023.07.05 12:44:18 WARN  es[][o.e.t.ThreadPool] absolute clock went backwards by [342ms/342ms] while timer thread was sleeping
2023.07.05 15:43:24 WARN  es[][o.e.t.ThreadPool] timer thread slept for [1.5m/93671ms] on absolute clock which is above the warn threshold of [5000ms]
2023.07.05 15:44:36 WARN  es[][o.e.t.ThreadPool] timer thread slept for [41.9s/41977ms] on absolute clock which is above the warn threshold of [5000ms]
2023.07.05 15:46:30 WARN  es[][o.e.t.ThreadPool] timer thread slept for [1.4m/84026ms] on absolute clock which is above the warn threshold of [5000ms]
2023.07.05 15:47:39 WARN  es[][o.e.t.ThreadPool] timer thread slept for [39.8s/39845ms] on absolute clock which is above the warn threshold of [5000ms]
2023.07.05 15:48:57 WARN  es[][o.e.t.ThreadPool] timer thread slept for [47.7s/47742ms] on absolute clock which is above the warn threshold of [5000ms]
2023.07.05 15:51:08 WARN  es[][o.e.t.ThreadPool] timer thread slept for [1.6m/101467ms] on absolute clock which is above the warn threshold of [5000ms]
2023.07.05 15:52:31 WARN  es[][o.e.t.ThreadPool] timer thread slept for [53.1s/53149ms] on absolute clock which is above the warn threshold of [5000ms]
2023.07.05 15:54:26 WARN  es[][o.e.t.ThreadPool] timer thread slept for [1.4m/85149ms] on absolute clock which is above the warn threshold of [5000ms]
2023.07.05 15:55:40 WARN  es[][o.e.t.ThreadPool] timer thread slept for [43.9s/43912ms] on absolute clock which is above the warn threshold of [5000ms]
2023.07.05 15:56:57 WARN  es[][o.e.t.ThreadPool] timer thread slept for [47.3s/47326ms] on absolute clock which is above the warn threshold of [5000ms]
2023.07.05 15:59:10 WARN  es[][o.e.t.ThreadPool] timer thread slept for [1.7m/103453ms] on absolute clock which is above the warn threshold of [5000ms]
2023.07.05 16:01:18 WARN  es[][o.e.t.ThreadPool] timer thread slept for [1.6m/97986ms] on absolute clock which is above the warn threshold of [5000ms]
2023.07.05 16:03:25 WARN  es[][o.e.t.ThreadPool] timer thread slept for [1.6m/96965ms] on absolute clock which is above the warn threshold of [5000ms]
2023.07.05 16:05:28 WARN  es[][o.e.t.ThreadPool] timer thread slept for [1.5m/93369ms] on absolute clock which is above the warn threshold of [5000ms]
2023.07.05 16:08:22 WARN  es[][o.e.t.ThreadPool] timer thread slept for [2.4m/144503ms] on absolute clock which is above the warn threshold of [5000ms]
2023.07.05 16:10:26 WARN  es[][o.e.t.ThreadPool] timer thread slept for [1.5m/93946ms] on absolute clock which is above the warn threshold of [5000ms]
2023.07.05 16:13:33 WARN  es[][o.e.t.ThreadPool] timer thread slept for [2.6m/157690ms] on absolute clock which is above the warn threshold of [5000ms]
2023.07.05 16:15:31 WARN  es[][o.e.t.ThreadPool] timer thread slept for [1.4m/88198ms] on absolute clock which is above the warn threshold of [5000ms]
2023.07.05 16:18:17 WARN  es[][o.e.t.ThreadPool] timer thread slept for [2.2m/135409ms] on absolute clock which is above the warn threshold of [5000ms]
2023.07.05 16:21:56 WARN  es[][o.e.t.ThreadPool] timer thread slept for [3.1m/189720ms] on absolute clock which is above the warn threshold of [5000ms]
2023.07.05 16:24:54 WARN  es[][o.e.t.ThreadPool] timer thread slept for [2.4m/147562ms] on absolute clock which is above the warn threshold of [5000ms]
2023.07.05 16:26:45 WARN  es[][o.e.t.ThreadPool] timer thread slept for [1.3m/81697ms] on absolute clock which is above the warn threshold of [5000ms]
2023.07.05 16:43:27 WARN  es[][o.e.t.ThreadPool] timer thread slept for [16.2m/972276ms] on absolute clock which is above the warn threshold of [5000ms]
2023.07.05 16:55:24 WARN  es[][o.e.t.ThreadPool] timer thread slept for [9.4m/567223ms] on absolute clock which is above the warn threshold of [5000ms]
2023.07.05 18:10:57 WARN  es[][o.e.t.ThreadPool] timer thread slept for [34.5m/2073079ms] on absolute clock which is above the warn threshold of [5000ms]
2023.07.05 19:31:13 WARN  es[][o.e.t.ThreadPool] timer thread slept for [1.3h/4786262ms] on absolute clock which is above the warn threshold of [5000ms]
2023.07.05 20:55:43 WARN  es[][o.e.t.ThreadPool] timer thread slept for [1.3h/5039473ms] on absolute clock which is above the warn threshold of [5000ms]
2023.07.05 22:34:21 WARN  es[][o.e.t.ThreadPool] timer thread slept for [1.6h/5888186ms] on absolute clock which is above the warn threshold of [5000ms]
