2023.07.08 05:16:43 INFO  app[][o.s.a.AppFileSystem] Cleaning or creating temp directory /opt/sonarqube/temp
2023.07.08 05:16:43 INFO  app[][o.s.a.es.EsSettings] Elasticsearch listening on [HTTP: 127.0.0.1:9001, TCP: 127.0.0.1:42431]
2023.07.08 05:16:43 INFO  app[][o.s.a.ProcessLauncherImpl] Launch process[ELASTICSEARCH] from [/opt/sonarqube/elasticsearch]: /opt/java/openjdk/bin/java -Xms4m -Xmx64m -XX:+UseSerialGC -Dcli.name=server -Dcli.script=./bin/elasticsearch -Dcli.libs=lib/tools/server-cli -Des.path.home=/opt/sonarqube/elasticsearch -Des.path.conf=/opt/sonarqube/temp/conf/es -Des.distribution.type=tar -cp /opt/sonarqube/elasticsearch/lib/*:/opt/sonarqube/elasticsearch/lib/cli-launcher/* org.elasticsearch.launcher.CliToolLauncher
2023.07.08 05:16:43 INFO  app[][o.s.a.SchedulerImpl] Waiting for Elasticsearch to be up and running
2023.07.08 05:16:54 INFO  app[][o.s.a.SchedulerImpl] Process[es] is up
2023.07.08 05:16:54 INFO  app[][o.s.a.ProcessLauncherImpl] Launch process[WEB_SERVER] from [/opt/sonarqube]: /opt/java/openjdk/bin/java -Djava.awt.headless=true -Dfile.encoding=UTF-8 -Djava.io.tmpdir=/opt/sonarqube/temp -XX:-OmitStackTraceInFastThrow --add-opens=java.base/java.util=ALL-UNNAMED --add-opens=java.base/java.lang=ALL-UNNAMED --add-opens=java.base/java.io=ALL-UNNAMED --add-opens=java.rmi/sun.rmi.transport=ALL-UNNAMED --add-exports=java.base/jdk.internal.ref=ALL-UNNAMED --add-opens=java.base/java.nio=ALL-UNNAMED --add-opens=java.base/sun.nio.ch=ALL-UNNAMED --add-opens=java.management/sun.management=ALL-UNNAMED --add-opens=jdk.management/com.sun.management.internal=ALL-UNNAMED -Dcom.redhat.fips=false -Xmx512m -Xms128m -XX:+HeapDumpOnOutOfMemoryError -Dhttp.nonProxyHosts=localhost|127.*|[::1] -cp ./lib/sonar-application-10.1.0.73491.jar:/opt/sonarqube/lib/jdbc/postgresql/postgresql-42.6.0.jar org.sonar.server.app.WebServer /opt/sonarqube/temp/sq-process13240244245478183119properties
2023.07.08 05:17:03 INFO  app[][o.s.a.SchedulerImpl] Process[web] is up
2023.07.08 05:17:03 INFO  app[][o.s.a.ProcessLauncherImpl] Launch process[COMPUTE_ENGINE] from [/opt/sonarqube]: /opt/java/openjdk/bin/java -Djava.awt.headless=true -Dfile.encoding=UTF-8 -Djava.io.tmpdir=/opt/sonarqube/temp -XX:-OmitStackTraceInFastThrow --add-opens=java.base/java.util=ALL-UNNAMED --add-exports=java.base/jdk.internal.ref=ALL-UNNAMED --add-opens=java.base/java.lang=ALL-UNNAMED --add-opens=java.base/java.nio=ALL-UNNAMED --add-opens=java.base/sun.nio.ch=ALL-UNNAMED --add-opens=java.management/sun.management=ALL-UNNAMED --add-opens=jdk.management/com.sun.management.internal=ALL-UNNAMED -Dcom.redhat.fips=false -Xmx512m -Xms128m -XX:+HeapDumpOnOutOfMemoryError -Dhttp.nonProxyHosts=localhost|127.*|[::1] -cp ./lib/sonar-application-10.1.0.73491.jar:/opt/sonarqube/lib/jdbc/postgresql/postgresql-42.6.0.jar org.sonar.ce.app.CeServer /opt/sonarqube/temp/sq-process11714325762352914329properties
2023.07.08 05:17:05 INFO  app[][o.s.a.SchedulerImpl] Process[ce] is up
2023.07.08 05:17:05 INFO  app[][o.s.a.SchedulerImpl] SonarQube is operational
2023.07.08 13:08:23 INFO  app[][o.s.a.SchedulerImpl] Stopping SonarQube
2023.07.08 13:08:23 INFO  app[][o.s.a.SchedulerImpl] Sonarqube has been requested to stop
2023.07.08 13:08:23 INFO  app[][o.s.a.SchedulerImpl] Stopping [Compute Engine] process...
2023.07.08 13:08:24 INFO  app[][o.s.a.SchedulerImpl] Process[Compute Engine] is stopped
2023.07.08 13:08:24 INFO  app[][o.s.a.SchedulerImpl] Stopping [Web Server] process...
2023.07.08 13:08:25 INFO  app[][o.s.a.SchedulerImpl] Process[Web Server] is stopped
2023.07.08 13:08:25 INFO  app[][o.s.a.SchedulerImpl] Stopping [ElasticSearch] process...
2023.07.08 13:08:26 INFO  app[][o.s.a.SchedulerImpl] Process[ElasticSearch] is stopped
2023.07.08 13:08:26 WARN  app[][o.s.a.p.AbstractManagedProcess] Process exited with exit value [ElasticSearch]: 143
2023.07.08 13:08:26 INFO  app[][o.s.a.SchedulerImpl] SonarQube is stopped
2023.07.08 13:08:44 INFO  app[][o.s.a.AppFileSystem] Cleaning or creating temp directory /opt/sonarqube/temp
2023.07.08 13:08:44 INFO  app[][o.s.a.es.EsSettings] Elasticsearch listening on [HTTP: 127.0.0.1:9001, TCP: 127.0.0.1:44829]
2023.07.08 13:08:44 INFO  app[][o.s.a.ProcessLauncherImpl] Launch process[ELASTICSEARCH] from [/opt/sonarqube/elasticsearch]: /opt/java/openjdk/bin/java -Xms4m -Xmx64m -XX:+UseSerialGC -Dcli.name=server -Dcli.script=./bin/elasticsearch -Dcli.libs=lib/tools/server-cli -Des.path.home=/opt/sonarqube/elasticsearch -Des.path.conf=/opt/sonarqube/temp/conf/es -Des.distribution.type=tar -cp /opt/sonarqube/elasticsearch/lib/*:/opt/sonarqube/elasticsearch/lib/cli-launcher/* org.elasticsearch.launcher.CliToolLauncher
2023.07.08 13:08:44 INFO  app[][o.s.a.SchedulerImpl] Waiting for Elasticsearch to be up and running
2023.07.08 13:08:54 INFO  app[][o.s.a.SchedulerImpl] Process[es] is up
2023.07.08 13:08:54 INFO  app[][o.s.a.ProcessLauncherImpl] Launch process[WEB_SERVER] from [/opt/sonarqube]: /opt/java/openjdk/bin/java -Djava.awt.headless=true -Dfile.encoding=UTF-8 -Djava.io.tmpdir=/opt/sonarqube/temp -XX:-OmitStackTraceInFastThrow --add-opens=java.base/java.util=ALL-UNNAMED --add-opens=java.base/java.lang=ALL-UNNAMED --add-opens=java.base/java.io=ALL-UNNAMED --add-opens=java.rmi/sun.rmi.transport=ALL-UNNAMED --add-exports=java.base/jdk.internal.ref=ALL-UNNAMED --add-opens=java.base/java.nio=ALL-UNNAMED --add-opens=java.base/sun.nio.ch=ALL-UNNAMED --add-opens=java.management/sun.management=ALL-UNNAMED --add-opens=jdk.management/com.sun.management.internal=ALL-UNNAMED -Dcom.redhat.fips=false -Xmx512m -Xms128m -XX:+HeapDumpOnOutOfMemoryError -Dhttp.nonProxyHosts=localhost|127.*|[::1] -cp ./lib/sonar-application-10.1.0.73491.jar:/opt/sonarqube/lib/jdbc/postgresql/postgresql-42.6.0.jar org.sonar.server.app.WebServer /opt/sonarqube/temp/sq-process5125824336465826248properties
2023.07.08 13:08:56 INFO  app[][o.s.a.SchedulerImpl] Process[Web Server] is stopped
2023.07.08 13:08:57 INFO  app[][o.s.a.SchedulerImpl] Process[ElasticSearch] is stopped
2023.07.08 13:08:57 WARN  app[][o.s.a.p.AbstractManagedProcess] Process exited with exit value [ElasticSearch]: 143
2023.07.08 13:08:57 INFO  app[][o.s.a.SchedulerImpl] SonarQube is stopped
2023.07.08 13:10:27 INFO  app[][o.s.a.AppFileSystem] Cleaning or creating temp directory /opt/sonarqube/temp
2023.07.08 13:10:27 INFO  app[][o.s.a.es.EsSettings] Elasticsearch listening on [HTTP: 127.0.0.1:9001, TCP: 127.0.0.1:33667]
2023.07.08 13:10:27 INFO  app[][o.s.a.ProcessLauncherImpl] Launch process[ELASTICSEARCH] from [/opt/sonarqube/elasticsearch]: /opt/java/openjdk/bin/java -Xms4m -Xmx64m -XX:+UseSerialGC -Dcli.name=server -Dcli.script=./bin/elasticsearch -Dcli.libs=lib/tools/server-cli -Des.path.home=/opt/sonarqube/elasticsearch -Des.path.conf=/opt/sonarqube/temp/conf/es -Des.distribution.type=tar -cp /opt/sonarqube/elasticsearch/lib/*:/opt/sonarqube/elasticsearch/lib/cli-launcher/* org.elasticsearch.launcher.CliToolLauncher
2023.07.08 13:10:27 INFO  app[][o.s.a.SchedulerImpl] Waiting for Elasticsearch to be up and running
2023.07.08 13:10:36 INFO  app[][o.s.a.SchedulerImpl] Process[es] is up
2023.07.08 13:10:36 INFO  app[][o.s.a.ProcessLauncherImpl] Launch process[WEB_SERVER] from [/opt/sonarqube]: /opt/java/openjdk/bin/java -Djava.awt.headless=true -Dfile.encoding=UTF-8 -Djava.io.tmpdir=/opt/sonarqube/temp -XX:-OmitStackTraceInFastThrow --add-opens=java.base/java.util=ALL-UNNAMED --add-opens=java.base/java.lang=ALL-UNNAMED --add-opens=java.base/java.io=ALL-UNNAMED --add-opens=java.rmi/sun.rmi.transport=ALL-UNNAMED --add-exports=java.base/jdk.internal.ref=ALL-UNNAMED --add-opens=java.base/java.nio=ALL-UNNAMED --add-opens=java.base/sun.nio.ch=ALL-UNNAMED --add-opens=java.management/sun.management=ALL-UNNAMED --add-opens=jdk.management/com.sun.management.internal=ALL-UNNAMED -Dcom.redhat.fips=false -Xmx512m -Xms128m -XX:+HeapDumpOnOutOfMemoryError -Dhttp.nonProxyHosts=localhost|127.*|[::1] -cp ./lib/sonar-application-10.1.0.73491.jar:/opt/sonarqube/lib/jdbc/postgresql/postgresql-42.6.0.jar org.sonar.server.app.WebServer /opt/sonarqube/temp/sq-process11807379504411383020properties
2023.07.08 13:10:44 INFO  app[][o.s.a.SchedulerImpl] Process[web] is up
2023.07.08 13:10:44 INFO  app[][o.s.a.ProcessLauncherImpl] Launch process[COMPUTE_ENGINE] from [/opt/sonarqube]: /opt/java/openjdk/bin/java -Djava.awt.headless=true -Dfile.encoding=UTF-8 -Djava.io.tmpdir=/opt/sonarqube/temp -XX:-OmitStackTraceInFastThrow --add-opens=java.base/java.util=ALL-UNNAMED --add-exports=java.base/jdk.internal.ref=ALL-UNNAMED --add-opens=java.base/java.lang=ALL-UNNAMED --add-opens=java.base/java.nio=ALL-UNNAMED --add-opens=java.base/sun.nio.ch=ALL-UNNAMED --add-opens=java.management/sun.management=ALL-UNNAMED --add-opens=jdk.management/com.sun.management.internal=ALL-UNNAMED -Dcom.redhat.fips=false -Xmx512m -Xms128m -XX:+HeapDumpOnOutOfMemoryError -Dhttp.nonProxyHosts=localhost|127.*|[::1] -cp ./lib/sonar-application-10.1.0.73491.jar:/opt/sonarqube/lib/jdbc/postgresql/postgresql-42.6.0.jar org.sonar.ce.app.CeServer /opt/sonarqube/temp/sq-process3515370408945243413properties
2023.07.08 13:10:47 INFO  app[][o.s.a.SchedulerImpl] Process[ce] is up
2023.07.08 13:10:47 INFO  app[][o.s.a.SchedulerImpl] SonarQube is operational
2023.07.08 13:23:02 INFO  app[][o.s.a.SchedulerImpl] Stopping SonarQube
2023.07.08 13:23:02 INFO  app[][o.s.a.SchedulerImpl] Sonarqube has been requested to stop
2023.07.08 13:23:02 INFO  app[][o.s.a.SchedulerImpl] Stopping [Compute Engine] process...
2023.07.08 13:23:02 INFO  app[][o.s.a.SchedulerImpl] Process[Compute Engine] is stopped
2023.07.08 13:23:02 INFO  app[][o.s.a.SchedulerImpl] Stopping [Web Server] process...
2023.07.08 13:23:03 INFO  app[][o.s.a.SchedulerImpl] Process[Web Server] is stopped
2023.07.08 13:23:03 INFO  app[][o.s.a.SchedulerImpl] Stopping [ElasticSearch] process...
2023.07.08 13:23:04 INFO  app[][o.s.a.SchedulerImpl] Process[ElasticSearch] is stopped
2023.07.08 13:23:04 WARN  app[][o.s.a.p.AbstractManagedProcess] Process exited with exit value [ElasticSearch]: 143
2023.07.08 13:23:04 INFO  app[][o.s.a.SchedulerImpl] SonarQube is stopped
2023.07.08 13:23:33 INFO  app[][o.s.a.AppFileSystem] Cleaning or creating temp directory /opt/sonarqube/temp
2023.07.08 13:23:33 INFO  app[][o.s.a.es.EsSettings] Elasticsearch listening on [HTTP: 127.0.0.1:9001, TCP: 127.0.0.1:40293]
2023.07.08 13:23:33 INFO  app[][o.s.a.ProcessLauncherImpl] Launch process[ELASTICSEARCH] from [/opt/sonarqube/elasticsearch]: /opt/java/openjdk/bin/java -Xms4m -Xmx64m -XX:+UseSerialGC -Dcli.name=server -Dcli.script=./bin/elasticsearch -Dcli.libs=lib/tools/server-cli -Des.path.home=/opt/sonarqube/elasticsearch -Des.path.conf=/opt/sonarqube/temp/conf/es -Des.distribution.type=tar -cp /opt/sonarqube/elasticsearch/lib/*:/opt/sonarqube/elasticsearch/lib/cli-launcher/* org.elasticsearch.launcher.CliToolLauncher
2023.07.08 13:23:33 INFO  app[][o.s.a.SchedulerImpl] Waiting for Elasticsearch to be up and running
2023.07.08 13:23:42 INFO  app[][o.s.a.SchedulerImpl] Process[es] is up
2023.07.08 13:23:42 INFO  app[][o.s.a.ProcessLauncherImpl] Launch process[WEB_SERVER] from [/opt/sonarqube]: /opt/java/openjdk/bin/java -Djava.awt.headless=true -Dfile.encoding=UTF-8 -Djava.io.tmpdir=/opt/sonarqube/temp -XX:-OmitStackTraceInFastThrow --add-opens=java.base/java.util=ALL-UNNAMED --add-opens=java.base/java.lang=ALL-UNNAMED --add-opens=java.base/java.io=ALL-UNNAMED --add-opens=java.rmi/sun.rmi.transport=ALL-UNNAMED --add-exports=java.base/jdk.internal.ref=ALL-UNNAMED --add-opens=java.base/java.nio=ALL-UNNAMED --add-opens=java.base/sun.nio.ch=ALL-UNNAMED --add-opens=java.management/sun.management=ALL-UNNAMED --add-opens=jdk.management/com.sun.management.internal=ALL-UNNAMED -Dcom.redhat.fips=false -Xmx512m -Xms128m -XX:+HeapDumpOnOutOfMemoryError -Dhttp.nonProxyHosts=localhost|127.*|[::1] -cp ./lib/sonar-application-10.1.0.73491.jar:/opt/sonarqube/lib/jdbc/postgresql/postgresql-42.6.0.jar org.sonar.server.app.WebServer /opt/sonarqube/temp/sq-process18128911161406044647properties
2023.07.08 13:23:51 INFO  app[][o.s.a.SchedulerImpl] Process[web] is up
2023.07.08 13:23:51 INFO  app[][o.s.a.ProcessLauncherImpl] Launch process[COMPUTE_ENGINE] from [/opt/sonarqube]: /opt/java/openjdk/bin/java -Djava.awt.headless=true -Dfile.encoding=UTF-8 -Djava.io.tmpdir=/opt/sonarqube/temp -XX:-OmitStackTraceInFastThrow --add-opens=java.base/java.util=ALL-UNNAMED --add-exports=java.base/jdk.internal.ref=ALL-UNNAMED --add-opens=java.base/java.lang=ALL-UNNAMED --add-opens=java.base/java.nio=ALL-UNNAMED --add-opens=java.base/sun.nio.ch=ALL-UNNAMED --add-opens=java.management/sun.management=ALL-UNNAMED --add-opens=jdk.management/com.sun.management.internal=ALL-UNNAMED -Dcom.redhat.fips=false -Xmx512m -Xms128m -XX:+HeapDumpOnOutOfMemoryError -Dhttp.nonProxyHosts=localhost|127.*|[::1] -cp ./lib/sonar-application-10.1.0.73491.jar:/opt/sonarqube/lib/jdbc/postgresql/postgresql-42.6.0.jar org.sonar.ce.app.CeServer /opt/sonarqube/temp/sq-process8792345156593590248properties
2023.07.08 13:23:54 INFO  app[][o.s.a.SchedulerImpl] Process[ce] is up
2023.07.08 13:23:54 INFO  app[][o.s.a.SchedulerImpl] SonarQube is operational
