2023.07.04 09:58:01 INFO  app[][o.s.a.AppFileSystem] Cleaning or creating temp directory /opt/sonarqube/temp
2023.07.04 09:58:01 INFO  app[][o.s.a.es.EsSettings] Elasticsearch listening on [HTTP: 127.0.0.1:9001, TCP: 127.0.0.1:33181]
2023.07.04 09:58:01 INFO  app[][o.s.a.ProcessLauncherImpl] Launch process[ELASTICSEARCH] from [/opt/sonarqube/elasticsearch]: /opt/java/openjdk/bin/java -Xms4m -Xmx64m -XX:+UseSerialGC -Dcli.name=server -Dcli.script=./bin/elasticsearch -Dcli.libs=lib/tools/server-cli -Des.path.home=/opt/sonarqube/elasticsearch -Des.path.conf=/opt/sonarqube/temp/conf/es -Des.distribution.type=tar -cp /opt/sonarqube/elasticsearch/lib/*:/opt/sonarqube/elasticsearch/lib/cli-launcher/* org.elasticsearch.launcher.CliToolLauncher
2023.07.04 09:58:02 INFO  app[][o.s.a.SchedulerImpl] Waiting for Elasticsearch to be up and running
2023.07.04 09:58:20 INFO  app[][o.s.a.SchedulerImpl] Process[es] is up
2023.07.04 09:58:20 INFO  app[][o.s.a.ProcessLauncherImpl] Launch process[WEB_SERVER] from [/opt/sonarqube]: /opt/java/openjdk/bin/java -Djava.awt.headless=true -Dfile.encoding=UTF-8 -Djava.io.tmpdir=/opt/sonarqube/temp -XX:-OmitStackTraceInFastThrow --add-opens=java.base/java.util=ALL-UNNAMED --add-opens=java.base/java.lang=ALL-UNNAMED --add-opens=java.base/java.io=ALL-UNNAMED --add-opens=java.rmi/sun.rmi.transport=ALL-UNNAMED --add-exports=java.base/jdk.internal.ref=ALL-UNNAMED --add-opens=java.base/java.nio=ALL-UNNAMED --add-opens=java.base/sun.nio.ch=ALL-UNNAMED --add-opens=java.management/sun.management=ALL-UNNAMED --add-opens=jdk.management/com.sun.management.internal=ALL-UNNAMED -Dcom.redhat.fips=false -Xmx512m -Xms128m -XX:+HeapDumpOnOutOfMemoryError -Dhttp.nonProxyHosts=localhost|127.*|[::1] -cp ./lib/sonar-application-10.1.0.73491.jar:/opt/sonarqube/lib/jdbc/postgresql/postgresql-42.6.0.jar org.sonar.server.app.WebServer /opt/sonarqube/temp/sq-process6945224124052351371properties
2023.07.04 09:58:38 INFO  app[][o.s.a.SchedulerImpl] Process[web] is up
2023.07.04 09:58:38 INFO  app[][o.s.a.ProcessLauncherImpl] Launch process[COMPUTE_ENGINE] from [/opt/sonarqube]: /opt/java/openjdk/bin/java -Djava.awt.headless=true -Dfile.encoding=UTF-8 -Djava.io.tmpdir=/opt/sonarqube/temp -XX:-OmitStackTraceInFastThrow --add-opens=java.base/java.util=ALL-UNNAMED --add-exports=java.base/jdk.internal.ref=ALL-UNNAMED --add-opens=java.base/java.lang=ALL-UNNAMED --add-opens=java.base/java.nio=ALL-UNNAMED --add-opens=java.base/sun.nio.ch=ALL-UNNAMED --add-opens=java.management/sun.management=ALL-UNNAMED --add-opens=jdk.management/com.sun.management.internal=ALL-UNNAMED -Dcom.redhat.fips=false -Xmx512m -Xms128m -XX:+HeapDumpOnOutOfMemoryError -Dhttp.nonProxyHosts=localhost|127.*|[::1] -cp ./lib/sonar-application-10.1.0.73491.jar:/opt/sonarqube/lib/jdbc/postgresql/postgresql-42.6.0.jar org.sonar.ce.app.CeServer /opt/sonarqube/temp/sq-process13269476621086610277properties
2023.07.04 09:58:42 INFO  app[][o.s.a.SchedulerImpl] Process[ce] is up
2023.07.04 09:58:42 INFO  app[][o.s.a.SchedulerImpl] SonarQube is operational
2023.07.04 10:00:16 INFO  app[][o.s.a.SchedulerImpl] Stopping SonarQube
2023.07.04 10:00:16 INFO  app[][o.s.a.SchedulerImpl] Sonarqube has been requested to stop
2023.07.04 10:00:16 INFO  app[][o.s.a.SchedulerImpl] Stopping [Compute Engine] process...
2023.07.04 10:00:17 INFO  app[][o.s.a.SchedulerImpl] Process[Compute Engine] is stopped
2023.07.04 10:00:17 INFO  app[][o.s.a.SchedulerImpl] Stopping [Web Server] process...
2023.07.04 10:00:18 INFO  app[][o.s.a.SchedulerImpl] Process[Web Server] is stopped
2023.07.04 10:00:18 INFO  app[][o.s.a.SchedulerImpl] Stopping [ElasticSearch] process...
2023.07.04 10:00:19 INFO  app[][o.s.a.SchedulerImpl] Process[ElasticSearch] is stopped
2023.07.04 10:00:19 INFO  app[][o.s.a.SchedulerImpl] SonarQube is stopped
2023.07.04 10:00:19 WARN  app[][o.s.a.p.AbstractManagedProcess] Process exited with exit value [ElasticSearch]: 143
2023.07.04 10:00:27 INFO  app[][o.s.a.AppFileSystem] Cleaning or creating temp directory /opt/sonarqube/temp
2023.07.04 10:00:27 INFO  app[][o.s.a.es.EsSettings] Elasticsearch listening on [HTTP: 127.0.0.1:9001, TCP: 127.0.0.1:43713]
2023.07.04 10:00:27 INFO  app[][o.s.a.ProcessLauncherImpl] Launch process[ELASTICSEARCH] from [/opt/sonarqube/elasticsearch]: /opt/java/openjdk/bin/java -Xms4m -Xmx64m -XX:+UseSerialGC -Dcli.name=server -Dcli.script=./bin/elasticsearch -Dcli.libs=lib/tools/server-cli -Des.path.home=/opt/sonarqube/elasticsearch -Des.path.conf=/opt/sonarqube/temp/conf/es -Des.distribution.type=tar -cp /opt/sonarqube/elasticsearch/lib/*:/opt/sonarqube/elasticsearch/lib/cli-launcher/* org.elasticsearch.launcher.CliToolLauncher
2023.07.04 10:00:27 INFO  app[][o.s.a.SchedulerImpl] Waiting for Elasticsearch to be up and running
2023.07.04 10:00:41 INFO  app[][o.s.a.SchedulerImpl] Process[es] is up
2023.07.04 10:00:41 INFO  app[][o.s.a.ProcessLauncherImpl] Launch process[WEB_SERVER] from [/opt/sonarqube]: /opt/java/openjdk/bin/java -Djava.awt.headless=true -Dfile.encoding=UTF-8 -Djava.io.tmpdir=/opt/sonarqube/temp -XX:-OmitStackTraceInFastThrow --add-opens=java.base/java.util=ALL-UNNAMED --add-opens=java.base/java.lang=ALL-UNNAMED --add-opens=java.base/java.io=ALL-UNNAMED --add-opens=java.rmi/sun.rmi.transport=ALL-UNNAMED --add-exports=java.base/jdk.internal.ref=ALL-UNNAMED --add-opens=java.base/java.nio=ALL-UNNAMED --add-opens=java.base/sun.nio.ch=ALL-UNNAMED --add-opens=java.management/sun.management=ALL-UNNAMED --add-opens=jdk.management/com.sun.management.internal=ALL-UNNAMED -Dcom.redhat.fips=false -Xmx512m -Xms128m -XX:+HeapDumpOnOutOfMemoryError -Dhttp.nonProxyHosts=localhost|127.*|[::1] -cp ./lib/sonar-application-10.1.0.73491.jar:/opt/sonarqube/lib/jdbc/postgresql/postgresql-42.6.0.jar org.sonar.server.app.WebServer /opt/sonarqube/temp/sq-process8235582492039986254properties
2023.07.04 10:00:53 INFO  app[][o.s.a.SchedulerImpl] Process[web] is up
2023.07.04 10:00:53 INFO  app[][o.s.a.ProcessLauncherImpl] Launch process[COMPUTE_ENGINE] from [/opt/sonarqube]: /opt/java/openjdk/bin/java -Djava.awt.headless=true -Dfile.encoding=UTF-8 -Djava.io.tmpdir=/opt/sonarqube/temp -XX:-OmitStackTraceInFastThrow --add-opens=java.base/java.util=ALL-UNNAMED --add-exports=java.base/jdk.internal.ref=ALL-UNNAMED --add-opens=java.base/java.lang=ALL-UNNAMED --add-opens=java.base/java.nio=ALL-UNNAMED --add-opens=java.base/sun.nio.ch=ALL-UNNAMED --add-opens=java.management/sun.management=ALL-UNNAMED --add-opens=jdk.management/com.sun.management.internal=ALL-UNNAMED -Dcom.redhat.fips=false -Xmx512m -Xms128m -XX:+HeapDumpOnOutOfMemoryError -Dhttp.nonProxyHosts=localhost|127.*|[::1] -cp ./lib/sonar-application-10.1.0.73491.jar:/opt/sonarqube/lib/jdbc/postgresql/postgresql-42.6.0.jar org.sonar.ce.app.CeServer /opt/sonarqube/temp/sq-process12387377662152438804properties
2023.07.04 10:00:57 INFO  app[][o.s.a.SchedulerImpl] Process[ce] is up
2023.07.04 10:00:57 INFO  app[][o.s.a.SchedulerImpl] SonarQube is operational
2023.07.04 10:02:21 INFO  app[][o.s.a.SchedulerImpl] Stopping SonarQube
2023.07.04 10:02:21 INFO  app[][o.s.a.SchedulerImpl] Sonarqube has been requested to stop
2023.07.04 10:02:21 INFO  app[][o.s.a.SchedulerImpl] Stopping [Compute Engine] process...
2023.07.04 10:02:21 INFO  app[][o.s.a.SchedulerImpl] Process[Compute Engine] is stopped
2023.07.04 10:02:21 INFO  app[][o.s.a.SchedulerImpl] Stopping [Web Server] process...
2023.07.04 10:02:22 INFO  app[][o.s.a.SchedulerImpl] Process[Web Server] is stopped
2023.07.04 10:02:22 INFO  app[][o.s.a.SchedulerImpl] Stopping [ElasticSearch] process...
2023.07.04 10:02:23 WARN  app[][o.s.a.p.AbstractManagedProcess] Process exited with exit value [ElasticSearch]: 143
2023.07.04 10:02:23 INFO  app[][o.s.a.SchedulerImpl] Process[ElasticSearch] is stopped
2023.07.04 10:02:23 INFO  app[][o.s.a.SchedulerImpl] SonarQube is stopped
2023.07.04 10:02:56 INFO  app[][o.s.a.AppFileSystem] Cleaning or creating temp directory /opt/sonarqube/temp
2023.07.04 10:02:56 INFO  app[][o.s.a.es.EsSettings] Elasticsearch listening on [HTTP: 127.0.0.1:9001, TCP: 127.0.0.1:41169]
2023.07.04 10:02:56 INFO  app[][o.s.a.ProcessLauncherImpl] Launch process[ELASTICSEARCH] from [/opt/sonarqube/elasticsearch]: /opt/java/openjdk/bin/java -Xms4m -Xmx64m -XX:+UseSerialGC -Dcli.name=server -Dcli.script=./bin/elasticsearch -Dcli.libs=lib/tools/server-cli -Des.path.home=/opt/sonarqube/elasticsearch -Des.path.conf=/opt/sonarqube/temp/conf/es -Des.distribution.type=tar -cp /opt/sonarqube/elasticsearch/lib/*:/opt/sonarqube/elasticsearch/lib/cli-launcher/* org.elasticsearch.launcher.CliToolLauncher
2023.07.04 10:02:56 INFO  app[][o.s.a.SchedulerImpl] Waiting for Elasticsearch to be up and running
2023.07.04 10:03:09 INFO  app[][o.s.a.SchedulerImpl] Process[es] is up
2023.07.04 10:03:09 INFO  app[][o.s.a.ProcessLauncherImpl] Launch process[WEB_SERVER] from [/opt/sonarqube]: /opt/java/openjdk/bin/java -Djava.awt.headless=true -Dfile.encoding=UTF-8 -Djava.io.tmpdir=/opt/sonarqube/temp -XX:-OmitStackTraceInFastThrow --add-opens=java.base/java.util=ALL-UNNAMED --add-opens=java.base/java.lang=ALL-UNNAMED --add-opens=java.base/java.io=ALL-UNNAMED --add-opens=java.rmi/sun.rmi.transport=ALL-UNNAMED --add-exports=java.base/jdk.internal.ref=ALL-UNNAMED --add-opens=java.base/java.nio=ALL-UNNAMED --add-opens=java.base/sun.nio.ch=ALL-UNNAMED --add-opens=java.management/sun.management=ALL-UNNAMED --add-opens=jdk.management/com.sun.management.internal=ALL-UNNAMED -Dcom.redhat.fips=false -Xmx512m -Xms128m -XX:+HeapDumpOnOutOfMemoryError -Dhttp.nonProxyHosts=localhost|127.*|[::1] -cp ./lib/sonar-application-10.1.0.73491.jar:/opt/sonarqube/lib/jdbc/postgresql/postgresql-42.6.0.jar org.sonar.server.app.WebServer /opt/sonarqube/temp/sq-process2004774681611373735properties
2023.07.04 10:03:21 INFO  app[][o.s.a.SchedulerImpl] Process[web] is up
2023.07.04 10:03:21 INFO  app[][o.s.a.ProcessLauncherImpl] Launch process[COMPUTE_ENGINE] from [/opt/sonarqube]: /opt/java/openjdk/bin/java -Djava.awt.headless=true -Dfile.encoding=UTF-8 -Djava.io.tmpdir=/opt/sonarqube/temp -XX:-OmitStackTraceInFastThrow --add-opens=java.base/java.util=ALL-UNNAMED --add-exports=java.base/jdk.internal.ref=ALL-UNNAMED --add-opens=java.base/java.lang=ALL-UNNAMED --add-opens=java.base/java.nio=ALL-UNNAMED --add-opens=java.base/sun.nio.ch=ALL-UNNAMED --add-opens=java.management/sun.management=ALL-UNNAMED --add-opens=jdk.management/com.sun.management.internal=ALL-UNNAMED -Dcom.redhat.fips=false -Xmx512m -Xms128m -XX:+HeapDumpOnOutOfMemoryError -Dhttp.nonProxyHosts=localhost|127.*|[::1] -cp ./lib/sonar-application-10.1.0.73491.jar:/opt/sonarqube/lib/jdbc/postgresql/postgresql-42.6.0.jar org.sonar.ce.app.CeServer /opt/sonarqube/temp/sq-process3674327206856425644properties
2023.07.04 10:03:24 INFO  app[][o.s.a.SchedulerImpl] Process[ce] is up
2023.07.04 10:03:24 INFO  app[][o.s.a.SchedulerImpl] SonarQube is operational
2023.07.04 10:05:53 INFO  app[][o.s.a.SchedulerImpl] Stopping SonarQube
2023.07.04 10:05:53 INFO  app[][o.s.a.SchedulerImpl] Sonarqube has been requested to stop
2023.07.04 10:05:53 INFO  app[][o.s.a.SchedulerImpl] Stopping [Compute Engine] process...
2023.07.04 10:05:53 INFO  app[][o.s.a.SchedulerImpl] Process[Compute Engine] is stopped
2023.07.04 10:05:53 INFO  app[][o.s.a.SchedulerImpl] Stopping [Web Server] process...
2023.07.04 10:05:54 INFO  app[][o.s.a.SchedulerImpl] Process[Web Server] is stopped
2023.07.04 10:05:54 INFO  app[][o.s.a.SchedulerImpl] Stopping [ElasticSearch] process...
2023.07.04 10:05:55 WARN  app[][o.s.a.p.AbstractManagedProcess] Process exited with exit value [ElasticSearch]: 143
2023.07.04 10:05:55 INFO  app[][o.s.a.SchedulerImpl] Process[ElasticSearch] is stopped
2023.07.04 10:05:55 INFO  app[][o.s.a.SchedulerImpl] SonarQube is stopped
2023.07.04 10:06:27 INFO  app[][o.s.a.AppFileSystem] Cleaning or creating temp directory /opt/sonarqube/temp
2023.07.04 10:06:27 INFO  app[][o.s.a.es.EsSettings] Elasticsearch listening on [HTTP: 127.0.0.1:9001, TCP: 127.0.0.1:36231]
2023.07.04 10:06:27 INFO  app[][o.s.a.ProcessLauncherImpl] Launch process[ELASTICSEARCH] from [/opt/sonarqube/elasticsearch]: /opt/java/openjdk/bin/java -Xms4m -Xmx64m -XX:+UseSerialGC -Dcli.name=server -Dcli.script=./bin/elasticsearch -Dcli.libs=lib/tools/server-cli -Des.path.home=/opt/sonarqube/elasticsearch -Des.path.conf=/opt/sonarqube/temp/conf/es -Des.distribution.type=tar -cp /opt/sonarqube/elasticsearch/lib/*:/opt/sonarqube/elasticsearch/lib/cli-launcher/* org.elasticsearch.launcher.CliToolLauncher
2023.07.04 10:06:27 INFO  app[][o.s.a.SchedulerImpl] Waiting for Elasticsearch to be up and running
2023.07.04 10:06:29 INFO  app[][o.s.a.SchedulerImpl] Stopping SonarQube
2023.07.04 10:06:29 INFO  app[][o.s.a.SchedulerImpl] Sonarqube has been requested to stop
2023.07.04 10:06:29 INFO  app[][o.s.a.SchedulerImpl] Stopping [Compute Engine] process...
2023.07.04 10:06:29 INFO  app[][o.s.a.SchedulerImpl] Stopping [Web Server] process...
2023.07.04 10:06:29 INFO  app[][o.s.a.SchedulerImpl] Stopping [ElasticSearch] process...
2023.07.04 10:06:29 WARN  app[][o.s.a.p.AbstractManagedProcess] Process exited with exit value [ElasticSearch]: 143
2023.07.04 10:06:29 INFO  app[][o.s.a.SchedulerImpl] Process[ElasticSearch] is stopped
2023.07.04 10:06:29 INFO  app[][o.s.a.SchedulerImpl] SonarQube is stopped
2023.07.04 10:06:57 INFO  app[][o.s.a.AppFileSystem] Cleaning or creating temp directory /opt/sonarqube/temp
2023.07.04 10:06:57 INFO  app[][o.s.a.es.EsSettings] Elasticsearch listening on [HTTP: 127.0.0.1:9001, TCP: 127.0.0.1:35843]
2023.07.04 10:06:57 INFO  app[][o.s.a.ProcessLauncherImpl] Launch process[ELASTICSEARCH] from [/opt/sonarqube/elasticsearch]: /opt/java/openjdk/bin/java -Xms4m -Xmx64m -XX:+UseSerialGC -Dcli.name=server -Dcli.script=./bin/elasticsearch -Dcli.libs=lib/tools/server-cli -Des.path.home=/opt/sonarqube/elasticsearch -Des.path.conf=/opt/sonarqube/temp/conf/es -Des.distribution.type=tar -cp /opt/sonarqube/elasticsearch/lib/*:/opt/sonarqube/elasticsearch/lib/cli-launcher/* org.elasticsearch.launcher.CliToolLauncher
2023.07.04 10:06:57 INFO  app[][o.s.a.SchedulerImpl] Waiting for Elasticsearch to be up and running
2023.07.04 10:07:10 INFO  app[][o.s.a.SchedulerImpl] Process[es] is up
2023.07.04 10:07:10 INFO  app[][o.s.a.ProcessLauncherImpl] Launch process[WEB_SERVER] from [/opt/sonarqube]: /opt/java/openjdk/bin/java -Djava.awt.headless=true -Dfile.encoding=UTF-8 -Djava.io.tmpdir=/opt/sonarqube/temp -XX:-OmitStackTraceInFastThrow --add-opens=java.base/java.util=ALL-UNNAMED --add-opens=java.base/java.lang=ALL-UNNAMED --add-opens=java.base/java.io=ALL-UNNAMED --add-opens=java.rmi/sun.rmi.transport=ALL-UNNAMED --add-exports=java.base/jdk.internal.ref=ALL-UNNAMED --add-opens=java.base/java.nio=ALL-UNNAMED --add-opens=java.base/sun.nio.ch=ALL-UNNAMED --add-opens=java.management/sun.management=ALL-UNNAMED --add-opens=jdk.management/com.sun.management.internal=ALL-UNNAMED -Dcom.redhat.fips=false -Xmx512m -Xms128m -XX:+HeapDumpOnOutOfMemoryError -Dhttp.nonProxyHosts=localhost|127.*|[::1] -cp ./lib/sonar-application-10.1.0.73491.jar:/opt/sonarqube/lib/jdbc/postgresql/postgresql-42.6.0.jar org.sonar.server.app.WebServer /opt/sonarqube/temp/sq-process459870102215535871properties
2023.07.04 10:07:22 INFO  app[][o.s.a.SchedulerImpl] Process[web] is up
2023.07.04 10:07:22 INFO  app[][o.s.a.ProcessLauncherImpl] Launch process[COMPUTE_ENGINE] from [/opt/sonarqube]: /opt/java/openjdk/bin/java -Djava.awt.headless=true -Dfile.encoding=UTF-8 -Djava.io.tmpdir=/opt/sonarqube/temp -XX:-OmitStackTraceInFastThrow --add-opens=java.base/java.util=ALL-UNNAMED --add-exports=java.base/jdk.internal.ref=ALL-UNNAMED --add-opens=java.base/java.lang=ALL-UNNAMED --add-opens=java.base/java.nio=ALL-UNNAMED --add-opens=java.base/sun.nio.ch=ALL-UNNAMED --add-opens=java.management/sun.management=ALL-UNNAMED --add-opens=jdk.management/com.sun.management.internal=ALL-UNNAMED -Dcom.redhat.fips=false -Xmx512m -Xms128m -XX:+HeapDumpOnOutOfMemoryError -Dhttp.nonProxyHosts=localhost|127.*|[::1] -cp ./lib/sonar-application-10.1.0.73491.jar:/opt/sonarqube/lib/jdbc/postgresql/postgresql-42.6.0.jar org.sonar.ce.app.CeServer /opt/sonarqube/temp/sq-process12654715029428542051properties
2023.07.04 10:07:25 INFO  app[][o.s.a.SchedulerImpl] Process[ce] is up
2023.07.04 10:07:25 INFO  app[][o.s.a.SchedulerImpl] SonarQube is operational
2023.07.04 11:43:13 INFO  app[][o.s.a.SchedulerImpl] Stopping SonarQube
2023.07.04 11:43:13 INFO  app[][o.s.a.SchedulerImpl] Sonarqube has been requested to stop
2023.07.04 11:43:13 INFO  app[][o.s.a.SchedulerImpl] Stopping [Compute Engine] process...
2023.07.04 11:43:14 INFO  app[][o.s.a.SchedulerImpl] Process[Compute Engine] is stopped
2023.07.04 11:43:14 INFO  app[][o.s.a.SchedulerImpl] Stopping [Web Server] process...
2023.07.04 11:43:15 INFO  app[][o.s.a.SchedulerImpl] Process[Web Server] is stopped
2023.07.04 11:43:15 INFO  app[][o.s.a.SchedulerImpl] Stopping [ElasticSearch] process...
2023.07.04 11:43:17 WARN  app[][o.s.a.p.AbstractManagedProcess] Process exited with exit value [ElasticSearch]: 143
2023.07.04 11:43:17 INFO  app[][o.s.a.SchedulerImpl] Process[ElasticSearch] is stopped
2023.07.04 11:43:17 INFO  app[][o.s.a.SchedulerImpl] SonarQube is stopped
2023.07.04 11:43:28 INFO  app[][o.s.a.AppFileSystem] Cleaning or creating temp directory /opt/sonarqube/temp
2023.07.04 11:43:28 INFO  app[][o.s.a.es.EsSettings] Elasticsearch listening on [HTTP: 127.0.0.1:9001, TCP: 127.0.0.1:46453]
2023.07.04 11:43:28 INFO  app[][o.s.a.ProcessLauncherImpl] Launch process[ELASTICSEARCH] from [/opt/sonarqube/elasticsearch]: /opt/java/openjdk/bin/java -Xms4m -Xmx64m -XX:+UseSerialGC -Dcli.name=server -Dcli.script=./bin/elasticsearch -Dcli.libs=lib/tools/server-cli -Des.path.home=/opt/sonarqube/elasticsearch -Des.path.conf=/opt/sonarqube/temp/conf/es -Des.distribution.type=tar -cp /opt/sonarqube/elasticsearch/lib/*:/opt/sonarqube/elasticsearch/lib/cli-launcher/* org.elasticsearch.launcher.CliToolLauncher
2023.07.04 11:43:28 INFO  app[][o.s.a.SchedulerImpl] Waiting for Elasticsearch to be up and running
2023.07.04 11:43:39 INFO  app[][o.s.a.SchedulerImpl] Process[es] is up
2023.07.04 11:43:39 INFO  app[][o.s.a.ProcessLauncherImpl] Launch process[WEB_SERVER] from [/opt/sonarqube]: /opt/java/openjdk/bin/java -Djava.awt.headless=true -Dfile.encoding=UTF-8 -Djava.io.tmpdir=/opt/sonarqube/temp -XX:-OmitStackTraceInFastThrow --add-opens=java.base/java.util=ALL-UNNAMED --add-opens=java.base/java.lang=ALL-UNNAMED --add-opens=java.base/java.io=ALL-UNNAMED --add-opens=java.rmi/sun.rmi.transport=ALL-UNNAMED --add-exports=java.base/jdk.internal.ref=ALL-UNNAMED --add-opens=java.base/java.nio=ALL-UNNAMED --add-opens=java.base/sun.nio.ch=ALL-UNNAMED --add-opens=java.management/sun.management=ALL-UNNAMED --add-opens=jdk.management/com.sun.management.internal=ALL-UNNAMED -Dcom.redhat.fips=false -Xmx512m -Xms128m -XX:+HeapDumpOnOutOfMemoryError -Dhttp.nonProxyHosts=localhost|127.*|[::1] -cp ./lib/sonar-application-10.1.0.73491.jar:/opt/sonarqube/lib/jdbc/postgresql/postgresql-42.6.0.jar org.sonar.server.app.WebServer /opt/sonarqube/temp/sq-process10498223237460169315properties
2023.07.04 11:43:49 INFO  app[][o.s.a.SchedulerImpl] Process[web] is up
2023.07.04 11:43:49 INFO  app[][o.s.a.ProcessLauncherImpl] Launch process[COMPUTE_ENGINE] from [/opt/sonarqube]: /opt/java/openjdk/bin/java -Djava.awt.headless=true -Dfile.encoding=UTF-8 -Djava.io.tmpdir=/opt/sonarqube/temp -XX:-OmitStackTraceInFastThrow --add-opens=java.base/java.util=ALL-UNNAMED --add-exports=java.base/jdk.internal.ref=ALL-UNNAMED --add-opens=java.base/java.lang=ALL-UNNAMED --add-opens=java.base/java.nio=ALL-UNNAMED --add-opens=java.base/sun.nio.ch=ALL-UNNAMED --add-opens=java.management/sun.management=ALL-UNNAMED --add-opens=jdk.management/com.sun.management.internal=ALL-UNNAMED -Dcom.redhat.fips=false -Xmx512m -Xms128m -XX:+HeapDumpOnOutOfMemoryError -Dhttp.nonProxyHosts=localhost|127.*|[::1] -cp ./lib/sonar-application-10.1.0.73491.jar:/opt/sonarqube/lib/jdbc/postgresql/postgresql-42.6.0.jar org.sonar.ce.app.CeServer /opt/sonarqube/temp/sq-process5844211425466603858properties
2023.07.04 11:43:52 INFO  app[][o.s.a.SchedulerImpl] Process[ce] is up
2023.07.04 11:43:52 INFO  app[][o.s.a.SchedulerImpl] SonarQube is operational
2023.07.04 17:48:18 INFO  app[][o.s.a.SchedulerImpl] Stopping SonarQube
2023.07.04 17:48:18 INFO  app[][o.s.a.SchedulerImpl] Sonarqube has been requested to stop
2023.07.04 17:48:18 INFO  app[][o.s.a.SchedulerImpl] Stopping [Compute Engine] process...
2023.07.04 17:48:19 INFO  app[][o.s.a.SchedulerImpl] Process[Compute Engine] is stopped
2023.07.04 17:48:19 INFO  app[][o.s.a.SchedulerImpl] Stopping [Web Server] process...
2023.07.04 17:48:20 INFO  app[][o.s.a.SchedulerImpl] Process[Web Server] is stopped
2023.07.04 17:48:20 INFO  app[][o.s.a.SchedulerImpl] Stopping [ElasticSearch] process...
2023.07.04 17:48:21 INFO  app[][o.s.a.SchedulerImpl] Process[ElasticSearch] is stopped
2023.07.04 17:48:21 WARN  app[][o.s.a.p.AbstractManagedProcess] Process exited with exit value [ElasticSearch]: 143
2023.07.04 17:48:21 INFO  app[][o.s.a.SchedulerImpl] SonarQube is stopped
2023.07.04 17:48:31 INFO  app[][o.s.a.AppFileSystem] Cleaning or creating temp directory /opt/sonarqube/temp
2023.07.04 17:48:32 INFO  app[][o.s.a.es.EsSettings] Elasticsearch listening on [HTTP: 127.0.0.1:9001, TCP: 127.0.0.1:37465]
2023.07.04 17:48:32 INFO  app[][o.s.a.ProcessLauncherImpl] Launch process[ELASTICSEARCH] from [/opt/sonarqube/elasticsearch]: /opt/java/openjdk/bin/java -Xms4m -Xmx64m -XX:+UseSerialGC -Dcli.name=server -Dcli.script=./bin/elasticsearch -Dcli.libs=lib/tools/server-cli -Des.path.home=/opt/sonarqube/elasticsearch -Des.path.conf=/opt/sonarqube/temp/conf/es -Des.distribution.type=tar -cp /opt/sonarqube/elasticsearch/lib/*:/opt/sonarqube/elasticsearch/lib/cli-launcher/* org.elasticsearch.launcher.CliToolLauncher
2023.07.04 17:48:32 INFO  app[][o.s.a.SchedulerImpl] Waiting for Elasticsearch to be up and running
2023.07.04 17:48:42 INFO  app[][o.s.a.SchedulerImpl] Process[es] is up
2023.07.04 17:48:42 INFO  app[][o.s.a.ProcessLauncherImpl] Launch process[WEB_SERVER] from [/opt/sonarqube]: /opt/java/openjdk/bin/java -Djava.awt.headless=true -Dfile.encoding=UTF-8 -Djava.io.tmpdir=/opt/sonarqube/temp -XX:-OmitStackTraceInFastThrow --add-opens=java.base/java.util=ALL-UNNAMED --add-opens=java.base/java.lang=ALL-UNNAMED --add-opens=java.base/java.io=ALL-UNNAMED --add-opens=java.rmi/sun.rmi.transport=ALL-UNNAMED --add-exports=java.base/jdk.internal.ref=ALL-UNNAMED --add-opens=java.base/java.nio=ALL-UNNAMED --add-opens=java.base/sun.nio.ch=ALL-UNNAMED --add-opens=java.management/sun.management=ALL-UNNAMED --add-opens=jdk.management/com.sun.management.internal=ALL-UNNAMED -Dcom.redhat.fips=false -Xmx512m -Xms128m -XX:+HeapDumpOnOutOfMemoryError -Dhttp.nonProxyHosts=localhost|127.*|[::1] -cp ./lib/sonar-application-10.1.0.73491.jar:/opt/sonarqube/lib/jdbc/postgresql/postgresql-42.6.0.jar org.sonar.server.app.WebServer /opt/sonarqube/temp/sq-process2072665812922173888properties
2023.07.04 17:48:51 INFO  app[][o.s.a.SchedulerImpl] Process[web] is up
2023.07.04 17:48:51 INFO  app[][o.s.a.ProcessLauncherImpl] Launch process[COMPUTE_ENGINE] from [/opt/sonarqube]: /opt/java/openjdk/bin/java -Djava.awt.headless=true -Dfile.encoding=UTF-8 -Djava.io.tmpdir=/opt/sonarqube/temp -XX:-OmitStackTraceInFastThrow --add-opens=java.base/java.util=ALL-UNNAMED --add-exports=java.base/jdk.internal.ref=ALL-UNNAMED --add-opens=java.base/java.lang=ALL-UNNAMED --add-opens=java.base/java.nio=ALL-UNNAMED --add-opens=java.base/sun.nio.ch=ALL-UNNAMED --add-opens=java.management/sun.management=ALL-UNNAMED --add-opens=jdk.management/com.sun.management.internal=ALL-UNNAMED -Dcom.redhat.fips=false -Xmx512m -Xms128m -XX:+HeapDumpOnOutOfMemoryError -Dhttp.nonProxyHosts=localhost|127.*|[::1] -cp ./lib/sonar-application-10.1.0.73491.jar:/opt/sonarqube/lib/jdbc/postgresql/postgresql-42.6.0.jar org.sonar.ce.app.CeServer /opt/sonarqube/temp/sq-process6460092816017737605properties
2023.07.04 17:48:53 INFO  app[][o.s.a.SchedulerImpl] Process[ce] is up
2023.07.04 17:48:53 INFO  app[][o.s.a.SchedulerImpl] SonarQube is operational
2023.07.04 17:49:10 INFO  app[][o.s.a.SchedulerImpl] Stopping SonarQube
2023.07.04 17:49:10 INFO  app[][o.s.a.SchedulerImpl] Sonarqube has been requested to stop
2023.07.04 17:49:10 INFO  app[][o.s.a.SchedulerImpl] Stopping [Compute Engine] process...
2023.07.04 17:49:10 INFO  app[][o.s.a.SchedulerImpl] Process[Compute Engine] is stopped
2023.07.04 17:49:10 INFO  app[][o.s.a.SchedulerImpl] Stopping [Web Server] process...
2023.07.04 17:49:10 INFO  app[][o.s.a.SchedulerImpl] Process[Web Server] is stopped
2023.07.04 17:49:10 INFO  app[][o.s.a.SchedulerImpl] Stopping [ElasticSearch] process...
2023.07.04 17:49:11 INFO  app[][o.s.a.SchedulerImpl] Process[ElasticSearch] is stopped
2023.07.04 17:49:11 WARN  app[][o.s.a.p.AbstractManagedProcess] Process exited with exit value [ElasticSearch]: 143
2023.07.04 17:49:11 INFO  app[][o.s.a.SchedulerImpl] SonarQube is stopped
2023.07.04 17:49:24 INFO  app[][o.s.a.AppFileSystem] Cleaning or creating temp directory /opt/sonarqube/temp
2023.07.04 17:49:24 INFO  app[][o.s.a.es.EsSettings] Elasticsearch listening on [HTTP: 127.0.0.1:9001, TCP: 127.0.0.1:43093]
2023.07.04 17:49:24 INFO  app[][o.s.a.ProcessLauncherImpl] Launch process[ELASTICSEARCH] from [/opt/sonarqube/elasticsearch]: /opt/java/openjdk/bin/java -Xms4m -Xmx64m -XX:+UseSerialGC -Dcli.name=server -Dcli.script=./bin/elasticsearch -Dcli.libs=lib/tools/server-cli -Des.path.home=/opt/sonarqube/elasticsearch -Des.path.conf=/opt/sonarqube/temp/conf/es -Des.distribution.type=tar -cp /opt/sonarqube/elasticsearch/lib/*:/opt/sonarqube/elasticsearch/lib/cli-launcher/* org.elasticsearch.launcher.CliToolLauncher
2023.07.04 17:49:24 INFO  app[][o.s.a.SchedulerImpl] Waiting for Elasticsearch to be up and running
2023.07.04 17:49:34 INFO  app[][o.s.a.SchedulerImpl] Process[es] is up
2023.07.04 17:49:34 INFO  app[][o.s.a.ProcessLauncherImpl] Launch process[WEB_SERVER] from [/opt/sonarqube]: /opt/java/openjdk/bin/java -Djava.awt.headless=true -Dfile.encoding=UTF-8 -Djava.io.tmpdir=/opt/sonarqube/temp -XX:-OmitStackTraceInFastThrow --add-opens=java.base/java.util=ALL-UNNAMED --add-opens=java.base/java.lang=ALL-UNNAMED --add-opens=java.base/java.io=ALL-UNNAMED --add-opens=java.rmi/sun.rmi.transport=ALL-UNNAMED --add-exports=java.base/jdk.internal.ref=ALL-UNNAMED --add-opens=java.base/java.nio=ALL-UNNAMED --add-opens=java.base/sun.nio.ch=ALL-UNNAMED --add-opens=java.management/sun.management=ALL-UNNAMED --add-opens=jdk.management/com.sun.management.internal=ALL-UNNAMED -Dcom.redhat.fips=false -Xmx512m -Xms128m -XX:+HeapDumpOnOutOfMemoryError -Dhttp.nonProxyHosts=localhost|127.*|[::1] -cp ./lib/sonar-application-10.1.0.73491.jar:/opt/sonarqube/lib/jdbc/postgresql/postgresql-42.6.0.jar org.sonar.server.app.WebServer /opt/sonarqube/temp/sq-process5222549012204508987properties
2023.07.04 17:49:42 INFO  app[][o.s.a.SchedulerImpl] Process[web] is up
2023.07.04 17:49:42 INFO  app[][o.s.a.ProcessLauncherImpl] Launch process[COMPUTE_ENGINE] from [/opt/sonarqube]: /opt/java/openjdk/bin/java -Djava.awt.headless=true -Dfile.encoding=UTF-8 -Djava.io.tmpdir=/opt/sonarqube/temp -XX:-OmitStackTraceInFastThrow --add-opens=java.base/java.util=ALL-UNNAMED --add-exports=java.base/jdk.internal.ref=ALL-UNNAMED --add-opens=java.base/java.lang=ALL-UNNAMED --add-opens=java.base/java.nio=ALL-UNNAMED --add-opens=java.base/sun.nio.ch=ALL-UNNAMED --add-opens=java.management/sun.management=ALL-UNNAMED --add-opens=jdk.management/com.sun.management.internal=ALL-UNNAMED -Dcom.redhat.fips=false -Xmx512m -Xms128m -XX:+HeapDumpOnOutOfMemoryError -Dhttp.nonProxyHosts=localhost|127.*|[::1] -cp ./lib/sonar-application-10.1.0.73491.jar:/opt/sonarqube/lib/jdbc/postgresql/postgresql-42.6.0.jar org.sonar.ce.app.CeServer /opt/sonarqube/temp/sq-process15127975378252224532properties
2023.07.04 17:49:45 INFO  app[][o.s.a.SchedulerImpl] Process[ce] is up
2023.07.04 17:49:45 INFO  app[][o.s.a.SchedulerImpl] SonarQube is operational
