2023.07.08 05:16:54 INFO  web[][o.s.p.ProcessEntryPoint] Starting Web Server
2023.07.08 05:16:55 INFO  web[][o.s.s.p.LogServerVersion] SonarQube Server / 10.1.0.73491 / 53c01c35c264c7e3d76cf5fb955de406f36b115e
2023.07.08 05:16:55 INFO  web[][o.s.d.DefaultDatabase] Create JDBC data source for jdbc:postgresql://db:5432/sonar
2023.07.08 05:16:55 INFO  web[][c.z.h.HikariDataSource] HikariPool-1 - Starting...
2023.07.08 05:16:55 INFO  web[][c.z.h.p.HikariPool] HikariPool-1 - Added connection org.postgresql.jdbc.PgConnection@1280851e
2023.07.08 05:16:55 INFO  web[][c.z.h.HikariDataSource] HikariPool-1 - Start completed.
2023.07.08 05:16:56 INFO  web[][o.s.s.p.ServerFileSystemImpl] SonarQube home: /opt/sonarqube
2023.07.08 05:16:56 INFO  web[][o.s.s.u.SystemPasscodeImpl] System authentication by passcode is disabled
2023.07.08 05:16:56 INFO  web[][o.s.s.p.ServerPluginManager] Deploy C# Code Quality and Security / 9.3.0.71466 / e47cf88a6286a446a098754e5775535a330f58d7
2023.07.08 05:16:56 INFO  web[][o.s.s.p.ServerPluginManager] Deploy Clean as You Code / 2.0.0.334 / 424c67de80b14c8c1b168104a6749b9d280ef4f9
2023.07.08 05:16:56 INFO  web[][o.s.s.p.ServerPluginManager] Deploy Configuration detection fot Code Quality and Security / 1.2.0.267 / 4f37ba9ffb37a96d5883e52ad392ed32c5c6eaab
2023.07.08 05:16:56 INFO  web[][o.s.s.p.ServerPluginManager] Deploy Flex Code Quality and Security / 2.9.0.3375 / 3fb9c557effa2d3f6e4017984611e8dae60d030a
2023.07.08 05:16:56 INFO  web[][o.s.s.p.ServerPluginManager] Deploy Go Code Quality and Security / 1.13.0.4374 / dc92e7c248e31ecae6e18d94781588cc6264e517
2023.07.08 05:16:56 INFO  web[][o.s.s.p.ServerPluginManager] Deploy HTML Code Quality and Security / 3.8.0.3510 / c8f3d4a50984c6a0b0699616f98ce81a9d2893db
2023.07.08 05:16:56 INFO  web[][o.s.s.p.ServerPluginManager] Deploy IaC Code Quality and Security / 1.17.0.3976 / 5089f396ccda1f2ea0a6f2961b10042ea8c9cd69
2023.07.08 05:16:56 INFO  web[][o.s.s.p.ServerPluginManager] Deploy JaCoCo / 1.3.0.1538 / 74a7798c7cea687c72ed9df40c93eb7ea2a58c49
2023.07.08 05:16:56 INFO  web[][o.s.s.p.ServerPluginManager] Deploy Java Code Quality and Security / 7.20.0.31692 / b40c64f1075774f7232608df6636586009ab8ab3
2023.07.08 05:16:56 INFO  web[][o.s.s.p.ServerPluginManager] Deploy JavaScript/TypeScript/CSS Code Quality and Security / 10.3.1.21905 / f95f3d172103f7e438556705c96fb336b33900b4
2023.07.08 05:16:56 INFO  web[][o.s.s.p.ServerPluginManager] Deploy Kotlin Code Quality and Security / 2.15.0.2579 / 6ea5707d5a5600fc808653075f9d9cb6c21a4788
2023.07.08 05:16:56 INFO  web[][o.s.s.p.ServerPluginManager] Deploy PHP Code Quality and Security / 3.30.0.9766 / 783200fd5af4e0f8ccbf027a97ebb5f377d5014f
2023.07.08 05:16:56 INFO  web[][o.s.s.p.ServerPluginManager] Deploy Python Code Quality and Security / 4.3.0.11660 / 7914a5be1ad88eab1ebd2a3c2f7e606404601e30
2023.07.08 05:16:56 INFO  web[][o.s.s.p.ServerPluginManager] Deploy Ruby Code Quality and Security / 1.13.0.4374 / dc92e7c248e31ecae6e18d94781588cc6264e517
2023.07.08 05:16:56 INFO  web[][o.s.s.p.ServerPluginManager] Deploy Scala Code Quality and Security / 1.13.0.4374 / dc92e7c248e31ecae6e18d94781588cc6264e517
2023.07.08 05:16:56 INFO  web[][o.s.s.p.ServerPluginManager] Deploy Text Code Quality and Security / 2.1.0.1163 / 849cef77adc8d1a50235d2ef7005e23f67e2838a
2023.07.08 05:16:56 INFO  web[][o.s.s.p.ServerPluginManager] Deploy VB.NET Code Quality and Security / 9.3.0.71466 / e47cf88a6286a446a098754e5775535a330f58d7
2023.07.08 05:16:56 INFO  web[][o.s.s.p.ServerPluginManager] Deploy XML Code Quality and Security / 2.8.1.4006 / 80e5629b173cd7a47c04e97cbe1a263db84ff844
2023.07.08 05:16:59 INFO  web[][o.s.s.p.d.m.c.PostgresCharsetHandler] Verify that database charset supports UTF8
2023.07.08 05:17:00 INFO  web[][o.s.s.e.EsClientProvider] Connected to local Elasticsearch: [http://localhost:9001]
2023.07.08 05:17:00 WARN  web[][o.s.a.s.w.WebService$Action] Description is not set on action api/monitoring/metrics
2023.07.08 05:17:00 WARN  web[][o.s.a.s.w.WebService$Action] Since is not set on action api/monitoring/metrics
2023.07.08 05:17:00 WARN  web[][o.s.a.s.w.WebService$Action] The response example is not set on action api/monitoring/metrics
2023.07.08 05:17:00 WARN  web[][o.s.a.s.w.WebService$Action] The response example is not set on action api/system/liveness
2023.07.08 05:17:00 INFO  web[][o.s.s.p.w.MasterServletFilter] Initializing servlet filter org.sonar.server.platform.web.WebServiceFilter@25791d40 [pattern=UrlPattern{inclusions=[/api/system/migrate_db.*, ...], exclusions=[/api/components/update_key, ...]}]
2023.07.08 05:17:00 INFO  web[][o.s.w.s.DispatcherServlet] Initializing Servlet 'app'
2023.07.08 05:17:00 INFO  web[][o.s.s.p.DetectPluginChange] Detect plugin changes
2023.07.08 05:17:00 INFO  web[][o.s.s.p.DetectPluginChange] No plugin change detected
2023.07.08 05:17:01 INFO  web[][o.s.w.s.DispatcherServlet] Completed initialization in 758 ms
2023.07.08 05:17:01 INFO  web[][o.s.s.a.EmbeddedTomcat] HTTP connector enabled on port 9000
2023.07.08 05:17:01 INFO  web[][o.s.s.s.LogServerId] Server ID: 243B8A4D-AYkGNW42iRtYTtYigEho
2023.07.08 05:17:01 WARN  web[][o.s.s.a.LogOAuthWarning] For security reasons, OAuth authentication should use HTTPS. You should set the property 'Administration > Configuration > Server base URL' to a HTTPS URL.
2023.07.08 05:17:01 INFO  web[][o.s.s.p.UpdateCenterClient] Update center: https://update.sonarsource.org/update-center.properties
2023.07.08 05:17:02 WARN  web[][o.s.a.s.w.WebService$Action] The response example is not set on action saml/validation_init
2023.07.08 05:17:02 WARN  web[][o.s.a.s.w.WebService$Action] The response example is not set on action api/system/liveness
2023.07.08 05:17:02 WARN  web[][o.s.a.s.w.WebService$Action] The response example is not set on action api/plugins/download
2023.07.08 05:17:02 WARN  web[][o.s.a.s.w.WebService$Action] The response example is not set on action api/analysis_cache/get
2023.07.08 05:17:02 WARN  web[][o.s.a.s.w.WebService$Action] The response example is not set on action api/alm_integrations/check_pat
2023.07.08 05:17:02 WARN  web[][o.s.a.s.w.WebService$Action] The response example is not set on action api/push/sonarlint_events
2023.07.08 05:17:02 WARN  web[][o.s.a.s.w.WebService$Action] Since is not set on action api/cayc/issues_creation_histogram
2023.07.08 05:17:02 WARN  web[][o.s.a.s.w.WebService$Action] The response example is not set on action api/cayc/issues_creation_histogram
2023.07.08 05:17:02 INFO  web[][o.s.s.n.NotificationDaemon] Notification service started (delay 60 sec.)
2023.07.08 05:17:02 INFO  web[][o.s.s.a.p.ExpiredSessionsCleaner] Purge of expired session tokens has removed 0 elements
2023.07.08 05:17:02 INFO  web[][o.s.s.a.p.ExpiredSessionsCleaner] Purge of expired SAML message ids has removed 0 elements
2023.07.08 05:17:02 INFO  web[][o.s.s.t.TelemetryDaemon] Sharing of SonarQube statistics is enabled.
2023.07.08 05:17:02 INFO  web[][o.s.w.s.DispatcherServlet] Initializing Servlet 'app'
2023.07.08 05:17:02 INFO  web[][o.s.w.s.DispatcherServlet] Completed initialization in 130 ms
2023.07.08 05:17:02 INFO  web[][o.s.s.s.GeneratePluginIndex] Generate scanner plugin index
2023.07.08 05:17:02 INFO  web[][o.s.s.s.RegisterPermissionTemplates] Register permission templates
2023.07.08 05:17:02 INFO  web[][o.s.s.s.RenameDeprecatedPropertyKeys] Rename deprecated property keys
2023.07.08 05:17:02 INFO  web[][o.s.s.s.RegisterPlugins] Register plugins
2023.07.08 05:17:02 INFO  web[][o.s.s.p.w.MasterServletFilter] Initializing servlet filter org.sonar.server.platform.web.SonarLintConnectionFilter@492ad9ad [pattern=UrlPattern{inclusions=[/api/*], exclusions=[/api/v2/*]}]
2023.07.08 05:17:02 INFO  web[][o.s.s.p.w.MasterServletFilter] Initializing servlet filter org.sonar.server.platform.web.WebServiceFilter@5441236a [pattern=UrlPattern{inclusions=[/api/issues/delete_comment.*, ...], exclusions=[/api/authentication/login.*, ...]}]
2023.07.08 05:17:02 INFO  web[][o.s.s.p.w.MasterServletFilter] Initializing servlet filter org.sonar.server.platform.web.WebServiceReroutingFilter@7ebf50bd [pattern=UrlPattern{inclusions=[/api/components/bulk_update_key, ...], exclusions=[]}]
2023.07.08 05:17:02 INFO  web[][o.s.s.p.w.MasterServletFilter] Initializing servlet filter org.sonar.server.authentication.DefaultAdminCredentialsVerifierFilter@240766cb [pattern=UrlPattern{inclusions=[/*], exclusions=[*.css, ...]}]
2023.07.08 05:17:02 INFO  web[][o.s.s.p.w.MasterServletFilter] Initializing servlet filter org.sonar.server.authentication.InitFilter@3b7f2457 [pattern=UrlPattern{inclusions=[/sessions/init/*], exclusions=[]}]
2023.07.08 05:17:02 INFO  web[][o.s.s.p.w.MasterServletFilter] Initializing servlet filter org.sonar.server.authentication.SamlValidationRedirectionFilter@66780a21 [pattern=UrlPattern{inclusions=[/oauth2/callback/saml], exclusions=[]}]
2023.07.08 05:17:02 INFO  web[][o.s.s.p.w.MasterServletFilter] Initializing servlet filter org.sonar.server.authentication.OAuth2CallbackFilter@62c684eb [pattern=UrlPattern{inclusions=[/oauth2/callback/*], exclusions=[]}]
2023.07.08 05:17:02 INFO  web[][o.s.s.p.w.MasterServletFilter] Initializing servlet filter org.sonar.server.authentication.ResetPasswordFilter@7d689746 [pattern=UrlPattern{inclusions=[/*], exclusions=[*.css, ...]}]
2023.07.08 05:17:02 INFO  web[][o.s.s.p.w.MasterServletFilter] Initializing servlet filter org.sonar.server.authentication.ws.LoginAction@4a4ea024 [pattern=UrlPattern{inclusions=[/api/authentication/login], exclusions=[]}]
2023.07.08 05:17:02 INFO  web[][o.s.s.p.w.MasterServletFilter] Initializing servlet filter org.sonar.server.authentication.ws.LogoutAction@5aad52ad [pattern=UrlPattern{inclusions=[/api/authentication/logout], exclusions=[]}]
2023.07.08 05:17:02 INFO  web[][o.s.s.p.w.MasterServletFilter] Initializing servlet filter org.sonar.server.authentication.ws.ValidateAction@4ecbc1a8 [pattern=UrlPattern{inclusions=[/api/authentication/validate], exclusions=[]}]
2023.07.08 05:17:02 INFO  web[][o.s.s.p.w.MasterServletFilter] Initializing servlet filter org.sonar.server.saml.ws.ValidationInitAction@49babf85 [pattern=UrlPattern{inclusions=[/saml/validation_init], exclusions=[]}]
2023.07.08 05:17:02 INFO  web[][o.s.s.p.w.MasterServletFilter] Initializing servlet filter org.sonar.server.saml.ws.ValidationAction@32b2429a [pattern=UrlPattern{inclusions=[/saml/validation], exclusions=[]}]
2023.07.08 05:17:02 INFO  web[][o.s.s.p.w.MasterServletFilter] Initializing servlet filter org.sonar.server.user.ws.ChangePasswordAction@3ff75920 [pattern=UrlPattern{inclusions=[/api/users/change_password], exclusions=[]}]
2023.07.08 05:17:02 INFO  web[][o.s.s.p.w.MasterServletFilter] Initializing servlet filter org.sonar.server.plugins.PluginsRiskConsentFilter@197865fd [pattern=UrlPattern{inclusions=[/*], exclusions=[*.css, ...]}]
2023.07.08 05:17:02 INFO  web[][o.s.s.q.ProjectsInWarningDaemon] Counting number of projects in warning is not started as there are no projects in this situation.
2023.07.08 05:17:02 INFO  web[][o.s.s.p.p.PlatformLevelStartup] Running Community Edition
2023.07.08 05:17:03 INFO  web[][o.s.s.p.Platform] Web Server is operational
2023.07.08 13:08:24 INFO  web[][o.s.p.ProcessEntryPoint] Gracefully stopping process
2023.07.08 13:08:24 INFO  web[][o.s.s.n.NotificationDaemon] Notification service stopped
2023.07.08 13:08:24 INFO  web[][c.z.h.HikariDataSource] HikariPool-1 - Shutdown initiated...
2023.07.08 13:08:24 INFO  web[][c.z.h.HikariDataSource] HikariPool-1 - Shutdown completed.
2023.07.08 13:08:24 INFO  web[][o.s.s.app.WebServer] Web Server stopped
2023.07.08 13:08:54 INFO  web[][o.s.p.ProcessEntryPoint] Starting Web Server
2023.07.08 13:08:55 INFO  web[][o.s.s.p.LogServerVersion] SonarQube Server / 10.1.0.73491 / 53c01c35c264c7e3d76cf5fb955de406f36b115e
2023.07.08 13:08:55 INFO  web[][o.s.d.DefaultDatabase] Create JDBC data source for jdbc:postgresql://db:5432/sonar
2023.07.08 13:08:55 INFO  web[][c.z.h.HikariDataSource] HikariPool-1 - Starting...
2023.07.08 13:08:56 ERROR web[][c.z.h.p.HikariPool] HikariPool-1 - Exception during pool initialization.
org.postgresql.util.PSQLException: The connection attempt failed.
	at org.postgresql.core.v3.ConnectionFactoryImpl.openConnectionImpl(ConnectionFactoryImpl.java:354)
	at org.postgresql.core.ConnectionFactory.openConnection(ConnectionFactory.java:54)
	at org.postgresql.jdbc.PgConnection.<init>(PgConnection.java:263)
	at org.postgresql.Driver.makeConnection(Driver.java:443)
	at org.postgresql.Driver.connect(Driver.java:297)
	at com.zaxxer.hikari.util.DriverDataSource.getConnection(DriverDataSource.java:121)
	at com.zaxxer.hikari.pool.PoolBase.newConnection(PoolBase.java:359)
	at com.zaxxer.hikari.pool.PoolBase.newPoolEntry(PoolBase.java:201)
	at com.zaxxer.hikari.pool.HikariPool.createPoolEntry(HikariPool.java:470)
	at com.zaxxer.hikari.pool.HikariPool.checkFailFast(HikariPool.java:561)
	at com.zaxxer.hikari.pool.HikariPool.<init>(HikariPool.java:100)
	at com.zaxxer.hikari.HikariDataSource.<init>(HikariDataSource.java:81)
	at org.sonar.db.DefaultDatabase.createHikariDataSource(DefaultDatabase.java:159)
	at org.sonar.db.DefaultDatabase.initDataSource(DefaultDatabase.java:148)
	at org.sonar.db.DefaultDatabase.start(DefaultDatabase.java:126)
	at org.sonar.core.platform.StartableBeanPostProcessor.postProcessBeforeInitialization(StartableBeanPostProcessor.java:33)
	at org.springframework.beans.factory.support.AbstractAutowireCapableBeanFactory.applyBeanPostProcessorsBeforeInitialization(AbstractAutowireCapableBeanFactory.java:440)
	at org.springframework.beans.factory.support.AbstractAutowireCapableBeanFactory.initializeBean(AbstractAutowireCapableBeanFactory.java:1796)
	at org.springframework.beans.factory.support.AbstractAutowireCapableBeanFactory.doCreateBean(AbstractAutowireCapableBeanFactory.java:620)
	at org.springframework.beans.factory.support.AbstractAutowireCapableBeanFactory.createBean(AbstractAutowireCapableBeanFactory.java:542)
	at org.springframework.beans.factory.support.AbstractBeanFactory.lambda$doGetBean$0(AbstractBeanFactory.java:335)
	at org.springframework.beans.factory.support.DefaultSingletonBeanRegistry.getSingleton(DefaultSingletonBeanRegistry.java:234)
	at org.springframework.beans.factory.support.AbstractBeanFactory.doGetBean(AbstractBeanFactory.java:333)
	at org.springframework.beans.factory.support.AbstractBeanFactory.getBean(AbstractBeanFactory.java:208)
	at org.springframework.beans.factory.support.DefaultListableBeanFactory.preInstantiateSingletons(DefaultListableBeanFactory.java:955)
	at org.springframework.context.support.AbstractApplicationContext.finishBeanFactoryInitialization(AbstractApplicationContext.java:920)
	at org.springframework.context.support.AbstractApplicationContext.refresh(AbstractApplicationContext.java:583)
	at org.sonar.core.platform.SpringComponentContainer.startComponents(SpringComponentContainer.java:187)
	at org.sonar.server.platform.platformlevel.PlatformLevel.start(PlatformLevel.java:80)
	at org.sonar.server.platform.platformlevel.PlatformLevel1.start(PlatformLevel1.java:164)
	at org.sonar.server.platform.PlatformImpl.start(PlatformImpl.java:214)
	at org.sonar.server.platform.PlatformImpl.startLevel1Container(PlatformImpl.java:179)
	at org.sonar.server.platform.PlatformImpl.init(PlatformImpl.java:79)
	at org.sonar.server.platform.web.PlatformServletContextListener.contextInitialized(PlatformServletContextListener.java:45)
	at org.apache.catalina.core.StandardContext.listenerStart(StandardContext.java:4494)
	at org.apache.catalina.core.StandardContext.startInternal(StandardContext.java:4946)
	at org.apache.catalina.util.LifecycleBase.start(LifecycleBase.java:183)
	at org.apache.catalina.core.ContainerBase$StartChild.call(ContainerBase.java:1332)
	at org.apache.catalina.core.ContainerBase$StartChild.call(ContainerBase.java:1322)
	at java.base/java.util.concurrent.FutureTask.run(Unknown Source)
	at org.apache.tomcat.util.threads.InlineExecutorService.execute(InlineExecutorService.java:75)
	at java.base/java.util.concurrent.AbstractExecutorService.submit(Unknown Source)
	at org.apache.catalina.core.ContainerBase.startInternal(ContainerBase.java:871)
	at org.apache.catalina.core.StandardHost.startInternal(StandardHost.java:795)
	at org.apache.catalina.util.LifecycleBase.start(LifecycleBase.java:183)
	at org.apache.catalina.core.ContainerBase$StartChild.call(ContainerBase.java:1332)
	at org.apache.catalina.core.ContainerBase$StartChild.call(ContainerBase.java:1322)
	at java.base/java.util.concurrent.FutureTask.run(Unknown Source)
	at org.apache.tomcat.util.threads.InlineExecutorService.execute(InlineExecutorService.java:75)
	at java.base/java.util.concurrent.AbstractExecutorService.submit(Unknown Source)
	at org.apache.catalina.core.ContainerBase.startInternal(ContainerBase.java:871)
	at org.apache.catalina.core.StandardEngine.startInternal(StandardEngine.java:249)
	at org.apache.catalina.util.LifecycleBase.start(LifecycleBase.java:183)
	at org.apache.catalina.core.StandardService.startInternal(StandardService.java:428)
	at org.apache.catalina.util.LifecycleBase.start(LifecycleBase.java:183)
	at org.apache.catalina.core.StandardServer.startInternal(StandardServer.java:917)
	at org.apache.catalina.util.LifecycleBase.start(LifecycleBase.java:183)
	at org.apache.catalina.startup.Tomcat.start(Tomcat.java:486)
	at org.sonar.server.app.EmbeddedTomcat.start(EmbeddedTomcat.java:71)
	at org.sonar.server.app.WebServer.start(WebServer.java:55)
	at org.sonar.process.ProcessEntryPoint.launch(ProcessEntryPoint.java:97)
	at org.sonar.process.ProcessEntryPoint.launch(ProcessEntryPoint.java:81)
	at org.sonar.server.app.WebServer.main(WebServer.java:104)
Caused by: java.net.UnknownHostException: db
	at java.base/sun.nio.ch.NioSocketImpl.connect(Unknown Source)
	at java.base/java.net.SocksSocketImpl.connect(Unknown Source)
	at java.base/java.net.Socket.connect(Unknown Source)
	at org.postgresql.core.PGStream.createSocket(PGStream.java:243)
	at org.postgresql.core.PGStream.<init>(PGStream.java:98)
	at org.postgresql.core.v3.ConnectionFactoryImpl.tryConnect(ConnectionFactoryImpl.java:132)
	at org.postgresql.core.v3.ConnectionFactoryImpl.openConnectionImpl(ConnectionFactoryImpl.java:258)
	... 62 common frames omitted
2023.07.08 13:08:56 WARN  web[][o.s.c.a.AnnotationConfigApplicationContext] Exception encountered during context initialization - cancelling refresh attempt: org.springframework.beans.factory.BeanCreationException: Error creating bean with name 'jdk.internal.loader.ClassLoaders$AppClassLoader@22295ec4-org.sonar.db.DefaultDatabase': Initialization of bean failed; nested exception is java.lang.IllegalStateException: Fail to connect to database
2023.07.08 13:08:56 ERROR web[][o.s.s.p.w.PlatformServletContextListener] Web server startup failed
org.springframework.beans.factory.BeanCreationException: Error creating bean with name 'jdk.internal.loader.ClassLoaders$AppClassLoader@22295ec4-org.sonar.db.DefaultDatabase': Initialization of bean failed; nested exception is java.lang.IllegalStateException: Fail to connect to database
	at org.springframework.beans.factory.support.AbstractAutowireCapableBeanFactory.doCreateBean(AbstractAutowireCapableBeanFactory.java:628)
	at org.springframework.beans.factory.support.AbstractAutowireCapableBeanFactory.createBean(AbstractAutowireCapableBeanFactory.java:542)
	at org.springframework.beans.factory.support.AbstractBeanFactory.lambda$doGetBean$0(AbstractBeanFactory.java:335)
	at org.springframework.beans.factory.support.DefaultSingletonBeanRegistry.getSingleton(DefaultSingletonBeanRegistry.java:234)
	at org.springframework.beans.factory.support.AbstractBeanFactory.doGetBean(AbstractBeanFactory.java:333)
	at org.springframework.beans.factory.support.AbstractBeanFactory.getBean(AbstractBeanFactory.java:208)
	at org.springframework.beans.factory.support.DefaultListableBeanFactory.preInstantiateSingletons(DefaultListableBeanFactory.java:955)
	at org.springframework.context.support.AbstractApplicationContext.finishBeanFactoryInitialization(AbstractApplicationContext.java:920)
	at org.springframework.context.support.AbstractApplicationContext.refresh(AbstractApplicationContext.java:583)
	at org.sonar.core.platform.SpringComponentContainer.startComponents(SpringComponentContainer.java:187)
	at org.sonar.server.platform.platformlevel.PlatformLevel.start(PlatformLevel.java:80)
	at org.sonar.server.platform.platformlevel.PlatformLevel1.start(PlatformLevel1.java:164)
	at org.sonar.server.platform.PlatformImpl.start(PlatformImpl.java:214)
	at org.sonar.server.platform.PlatformImpl.startLevel1Container(PlatformImpl.java:179)
	at org.sonar.server.platform.PlatformImpl.init(PlatformImpl.java:79)
	at org.sonar.server.platform.web.PlatformServletContextListener.contextInitialized(PlatformServletContextListener.java:45)
	at org.apache.catalina.core.StandardContext.listenerStart(StandardContext.java:4494)
	at org.apache.catalina.core.StandardContext.startInternal(StandardContext.java:4946)
	at org.apache.catalina.util.LifecycleBase.start(LifecycleBase.java:183)
	at org.apache.catalina.core.ContainerBase$StartChild.call(ContainerBase.java:1332)
	at org.apache.catalina.core.ContainerBase$StartChild.call(ContainerBase.java:1322)
	at java.base/java.util.concurrent.FutureTask.run(Unknown Source)
	at org.apache.tomcat.util.threads.InlineExecutorService.execute(InlineExecutorService.java:75)
	at java.base/java.util.concurrent.AbstractExecutorService.submit(Unknown Source)
	at org.apache.catalina.core.ContainerBase.startInternal(ContainerBase.java:871)
	at org.apache.catalina.core.StandardHost.startInternal(StandardHost.java:795)
	at org.apache.catalina.util.LifecycleBase.start(LifecycleBase.java:183)
	at org.apache.catalina.core.ContainerBase$StartChild.call(ContainerBase.java:1332)
	at org.apache.catalina.core.ContainerBase$StartChild.call(ContainerBase.java:1322)
	at java.base/java.util.concurrent.FutureTask.run(Unknown Source)
	at org.apache.tomcat.util.threads.InlineExecutorService.execute(InlineExecutorService.java:75)
	at java.base/java.util.concurrent.AbstractExecutorService.submit(Unknown Source)
	at org.apache.catalina.core.ContainerBase.startInternal(ContainerBase.java:871)
	at org.apache.catalina.core.StandardEngine.startInternal(StandardEngine.java:249)
	at org.apache.catalina.util.LifecycleBase.start(LifecycleBase.java:183)
	at org.apache.catalina.core.StandardService.startInternal(StandardService.java:428)
	at org.apache.catalina.util.LifecycleBase.start(LifecycleBase.java:183)
	at org.apache.catalina.core.StandardServer.startInternal(StandardServer.java:917)
	at org.apache.catalina.util.LifecycleBase.start(LifecycleBase.java:183)
	at org.apache.catalina.startup.Tomcat.start(Tomcat.java:486)
	at org.sonar.server.app.EmbeddedTomcat.start(EmbeddedTomcat.java:71)
	at org.sonar.server.app.WebServer.start(WebServer.java:55)
	at org.sonar.process.ProcessEntryPoint.launch(ProcessEntryPoint.java:97)
	at org.sonar.process.ProcessEntryPoint.launch(ProcessEntryPoint.java:81)
	at org.sonar.server.app.WebServer.main(WebServer.java:104)
Caused by: java.lang.IllegalStateException: Fail to connect to database
	at org.sonar.db.DefaultDatabase.start(DefaultDatabase.java:130)
	at org.sonar.core.platform.StartableBeanPostProcessor.postProcessBeforeInitialization(StartableBeanPostProcessor.java:33)
	at org.springframework.beans.factory.support.AbstractAutowireCapableBeanFactory.applyBeanPostProcessorsBeforeInitialization(AbstractAutowireCapableBeanFactory.java:440)
	at org.springframework.beans.factory.support.AbstractAutowireCapableBeanFactory.initializeBean(AbstractAutowireCapableBeanFactory.java:1796)
	at org.springframework.beans.factory.support.AbstractAutowireCapableBeanFactory.doCreateBean(AbstractAutowireCapableBeanFactory.java:620)
	... 44 common frames omitted
Caused by: com.zaxxer.hikari.pool.HikariPool$PoolInitializationException: Failed to initialize pool: The connection attempt failed.
	at com.zaxxer.hikari.pool.HikariPool.throwPoolInitializationException(HikariPool.java:596)
	at com.zaxxer.hikari.pool.HikariPool.checkFailFast(HikariPool.java:582)
	at com.zaxxer.hikari.pool.HikariPool.<init>(HikariPool.java:100)
	at com.zaxxer.hikari.HikariDataSource.<init>(HikariDataSource.java:81)
	at org.sonar.db.DefaultDatabase.createHikariDataSource(DefaultDatabase.java:159)
	at org.sonar.db.DefaultDatabase.initDataSource(DefaultDatabase.java:148)
	at org.sonar.db.DefaultDatabase.start(DefaultDatabase.java:126)
	... 48 common frames omitted
Caused by: org.postgresql.util.PSQLException: The connection attempt failed.
	at org.postgresql.core.v3.ConnectionFactoryImpl.openConnectionImpl(ConnectionFactoryImpl.java:354)
	at org.postgresql.core.ConnectionFactory.openConnection(ConnectionFactory.java:54)
	at org.postgresql.jdbc.PgConnection.<init>(PgConnection.java:263)
	at org.postgresql.Driver.makeConnection(Driver.java:443)
	at org.postgresql.Driver.connect(Driver.java:297)
	at com.zaxxer.hikari.util.DriverDataSource.getConnection(DriverDataSource.java:121)
	at com.zaxxer.hikari.pool.PoolBase.newConnection(PoolBase.java:359)
	at com.zaxxer.hikari.pool.PoolBase.newPoolEntry(PoolBase.java:201)
	at com.zaxxer.hikari.pool.HikariPool.createPoolEntry(HikariPool.java:470)
	at com.zaxxer.hikari.pool.HikariPool.checkFailFast(HikariPool.java:561)
	... 53 common frames omitted
Caused by: java.net.UnknownHostException: db
	at java.base/sun.nio.ch.NioSocketImpl.connect(Unknown Source)
	at java.base/java.net.SocksSocketImpl.connect(Unknown Source)
	at java.base/java.net.Socket.connect(Unknown Source)
	at org.postgresql.core.PGStream.createSocket(PGStream.java:243)
	at org.postgresql.core.PGStream.<init>(PGStream.java:98)
	at org.postgresql.core.v3.ConnectionFactoryImpl.tryConnect(ConnectionFactoryImpl.java:132)
	at org.postgresql.core.v3.ConnectionFactoryImpl.openConnectionImpl(ConnectionFactoryImpl.java:258)
	... 62 common frames omitted
2023.07.08 13:08:56 INFO  web[][o.s.s.a.EmbeddedTomcat] HTTP connector enabled on port 9000
2023.07.08 13:08:56 INFO  web[][o.s.p.ProcessEntryPoint] Hard stopping process
2023.07.08 13:10:37 INFO  web[][o.s.p.ProcessEntryPoint] Starting Web Server
2023.07.08 13:10:37 INFO  web[][o.s.s.p.LogServerVersion] SonarQube Server / 10.1.0.73491 / 53c01c35c264c7e3d76cf5fb955de406f36b115e
2023.07.08 13:10:37 INFO  web[][o.s.d.DefaultDatabase] Create JDBC data source for jdbc:postgresql://db:5432/sonar
2023.07.08 13:10:37 INFO  web[][c.z.h.HikariDataSource] HikariPool-1 - Starting...
2023.07.08 13:10:37 INFO  web[][c.z.h.p.HikariPool] HikariPool-1 - Added connection org.postgresql.jdbc.PgConnection@62ddd21b
2023.07.08 13:10:37 INFO  web[][c.z.h.HikariDataSource] HikariPool-1 - Start completed.
2023.07.08 13:10:38 INFO  web[][o.s.s.p.ServerFileSystemImpl] SonarQube home: /opt/sonarqube
2023.07.08 13:10:38 INFO  web[][o.s.s.u.SystemPasscodeImpl] System authentication by passcode is disabled
2023.07.08 13:10:38 INFO  web[][o.s.s.p.ServerPluginManager] Deploy C# Code Quality and Security / 9.3.0.71466 / e47cf88a6286a446a098754e5775535a330f58d7
2023.07.08 13:10:38 INFO  web[][o.s.s.p.ServerPluginManager] Deploy Clean as You Code / 2.0.0.334 / 424c67de80b14c8c1b168104a6749b9d280ef4f9
2023.07.08 13:10:38 INFO  web[][o.s.s.p.ServerPluginManager] Deploy Configuration detection fot Code Quality and Security / 1.2.0.267 / 4f37ba9ffb37a96d5883e52ad392ed32c5c6eaab
2023.07.08 13:10:38 INFO  web[][o.s.s.p.ServerPluginManager] Deploy Flex Code Quality and Security / 2.9.0.3375 / 3fb9c557effa2d3f6e4017984611e8dae60d030a
2023.07.08 13:10:38 INFO  web[][o.s.s.p.ServerPluginManager] Deploy Go Code Quality and Security / 1.13.0.4374 / dc92e7c248e31ecae6e18d94781588cc6264e517
2023.07.08 13:10:38 INFO  web[][o.s.s.p.ServerPluginManager] Deploy HTML Code Quality and Security / 3.8.0.3510 / c8f3d4a50984c6a0b0699616f98ce81a9d2893db
2023.07.08 13:10:38 INFO  web[][o.s.s.p.ServerPluginManager] Deploy IaC Code Quality and Security / 1.17.0.3976 / 5089f396ccda1f2ea0a6f2961b10042ea8c9cd69
2023.07.08 13:10:38 INFO  web[][o.s.s.p.ServerPluginManager] Deploy JaCoCo / 1.3.0.1538 / 74a7798c7cea687c72ed9df40c93eb7ea2a58c49
2023.07.08 13:10:38 INFO  web[][o.s.s.p.ServerPluginManager] Deploy Java Code Quality and Security / 7.20.0.31692 / b40c64f1075774f7232608df6636586009ab8ab3
2023.07.08 13:10:38 INFO  web[][o.s.s.p.ServerPluginManager] Deploy JavaScript/TypeScript/CSS Code Quality and Security / 10.3.1.21905 / f95f3d172103f7e438556705c96fb336b33900b4
2023.07.08 13:10:38 INFO  web[][o.s.s.p.ServerPluginManager] Deploy Kotlin Code Quality and Security / 2.15.0.2579 / 6ea5707d5a5600fc808653075f9d9cb6c21a4788
2023.07.08 13:10:38 INFO  web[][o.s.s.p.ServerPluginManager] Deploy PHP Code Quality and Security / 3.30.0.9766 / 783200fd5af4e0f8ccbf027a97ebb5f377d5014f
2023.07.08 13:10:38 INFO  web[][o.s.s.p.ServerPluginManager] Deploy Python Code Quality and Security / 4.3.0.11660 / 7914a5be1ad88eab1ebd2a3c2f7e606404601e30
2023.07.08 13:10:38 INFO  web[][o.s.s.p.ServerPluginManager] Deploy Ruby Code Quality and Security / 1.13.0.4374 / dc92e7c248e31ecae6e18d94781588cc6264e517
2023.07.08 13:10:38 INFO  web[][o.s.s.p.ServerPluginManager] Deploy Scala Code Quality and Security / 1.13.0.4374 / dc92e7c248e31ecae6e18d94781588cc6264e517
2023.07.08 13:10:38 INFO  web[][o.s.s.p.ServerPluginManager] Deploy Text Code Quality and Security / 2.1.0.1163 / 849cef77adc8d1a50235d2ef7005e23f67e2838a
2023.07.08 13:10:38 INFO  web[][o.s.s.p.ServerPluginManager] Deploy VB.NET Code Quality and Security / 9.3.0.71466 / e47cf88a6286a446a098754e5775535a330f58d7
2023.07.08 13:10:38 INFO  web[][o.s.s.p.ServerPluginManager] Deploy XML Code Quality and Security / 2.8.1.4006 / 80e5629b173cd7a47c04e97cbe1a263db84ff844
2023.07.08 13:10:41 INFO  web[][o.s.s.p.d.m.c.PostgresCharsetHandler] Verify that database charset supports UTF8
2023.07.08 13:10:42 INFO  web[][o.s.s.e.EsClientProvider] Connected to local Elasticsearch: [http://localhost:9001]
2023.07.08 13:10:42 WARN  web[][o.s.a.s.w.WebService$Action] Description is not set on action api/monitoring/metrics
2023.07.08 13:10:42 WARN  web[][o.s.a.s.w.WebService$Action] Since is not set on action api/monitoring/metrics
2023.07.08 13:10:42 WARN  web[][o.s.a.s.w.WebService$Action] The response example is not set on action api/monitoring/metrics
2023.07.08 13:10:42 WARN  web[][o.s.a.s.w.WebService$Action] The response example is not set on action api/system/liveness
2023.07.08 13:10:42 INFO  web[][o.s.s.p.w.MasterServletFilter] Initializing servlet filter org.sonar.server.platform.web.WebServiceFilter@22d477c2 [pattern=UrlPattern{inclusions=[/api/system/migrate_db.*, ...], exclusions=[/api/components/update_key, ...]}]
2023.07.08 13:10:42 INFO  web[][o.s.w.s.DispatcherServlet] Initializing Servlet 'app'
2023.07.08 13:10:42 INFO  web[][o.s.s.p.DetectPluginChange] Detect plugin changes
2023.07.08 13:10:42 INFO  web[][o.s.s.p.DetectPluginChange] No plugin change detected
2023.07.08 13:10:43 INFO  web[][o.s.w.s.DispatcherServlet] Completed initialization in 815 ms
2023.07.08 13:10:43 INFO  web[][o.s.s.a.EmbeddedTomcat] HTTP connector enabled on port 9000
2023.07.08 13:10:43 INFO  web[][o.s.s.s.LogServerId] Server ID: 243B8A4D-AYkGNW42iRtYTtYigEho
2023.07.08 13:10:43 WARN  web[][o.s.s.a.LogOAuthWarning] For security reasons, OAuth authentication should use HTTPS. You should set the property 'Administration > Configuration > Server base URL' to a HTTPS URL.
2023.07.08 13:10:43 INFO  web[][o.s.s.p.UpdateCenterClient] Update center: https://update.sonarsource.org/update-center.properties
2023.07.08 13:10:44 WARN  web[][o.s.a.s.w.WebService$Action] The response example is not set on action saml/validation_init
2023.07.08 13:10:44 WARN  web[][o.s.a.s.w.WebService$Action] The response example is not set on action api/system/liveness
2023.07.08 13:10:44 WARN  web[][o.s.a.s.w.WebService$Action] The response example is not set on action api/plugins/download
2023.07.08 13:10:44 WARN  web[][o.s.a.s.w.WebService$Action] The response example is not set on action api/analysis_cache/get
2023.07.08 13:10:44 WARN  web[][o.s.a.s.w.WebService$Action] The response example is not set on action api/alm_integrations/check_pat
2023.07.08 13:10:44 WARN  web[][o.s.a.s.w.WebService$Action] The response example is not set on action api/push/sonarlint_events
2023.07.08 13:10:44 WARN  web[][o.s.a.s.w.WebService$Action] Since is not set on action api/cayc/issues_creation_histogram
2023.07.08 13:10:44 WARN  web[][o.s.a.s.w.WebService$Action] The response example is not set on action api/cayc/issues_creation_histogram
2023.07.08 13:10:44 INFO  web[][o.s.s.n.NotificationDaemon] Notification service started (delay 60 sec.)
2023.07.08 13:10:44 INFO  web[][o.s.s.a.p.ExpiredSessionsCleaner] Purge of expired session tokens has removed 0 elements
2023.07.08 13:10:44 INFO  web[][o.s.s.a.p.ExpiredSessionsCleaner] Purge of expired SAML message ids has removed 0 elements
2023.07.08 13:10:44 INFO  web[][o.s.s.t.TelemetryDaemon] Sharing of SonarQube statistics is enabled.
2023.07.08 13:10:44 INFO  web[][o.s.w.s.DispatcherServlet] Initializing Servlet 'app'
2023.07.08 13:10:44 INFO  web[][o.s.w.s.DispatcherServlet] Completed initialization in 117 ms
2023.07.08 13:10:44 INFO  web[][o.s.s.s.GeneratePluginIndex] Generate scanner plugin index
2023.07.08 13:10:44 INFO  web[][o.s.s.s.RegisterPermissionTemplates] Register permission templates
2023.07.08 13:10:44 INFO  web[][o.s.s.s.RenameDeprecatedPropertyKeys] Rename deprecated property keys
2023.07.08 13:10:44 INFO  web[][o.s.s.s.RegisterPlugins] Register plugins
2023.07.08 13:10:44 INFO  web[][o.s.s.p.w.MasterServletFilter] Initializing servlet filter org.sonar.server.platform.web.SonarLintConnectionFilter@77e97f82 [pattern=UrlPattern{inclusions=[/api/*], exclusions=[/api/v2/*]}]
2023.07.08 13:10:44 INFO  web[][o.s.s.p.w.MasterServletFilter] Initializing servlet filter org.sonar.server.platform.web.WebServiceFilter@75cbe20a [pattern=UrlPattern{inclusions=[/api/issues/delete_comment.*, ...], exclusions=[/api/authentication/login.*, ...]}]
2023.07.08 13:10:44 INFO  web[][o.s.s.p.w.MasterServletFilter] Initializing servlet filter org.sonar.server.platform.web.WebServiceReroutingFilter@55823267 [pattern=UrlPattern{inclusions=[/api/components/bulk_update_key, ...], exclusions=[]}]
2023.07.08 13:10:44 INFO  web[][o.s.s.p.w.MasterServletFilter] Initializing servlet filter org.sonar.server.authentication.DefaultAdminCredentialsVerifierFilter@723b91fb [pattern=UrlPattern{inclusions=[/*], exclusions=[*.css, ...]}]
2023.07.08 13:10:44 INFO  web[][o.s.s.p.w.MasterServletFilter] Initializing servlet filter org.sonar.server.authentication.InitFilter@4e12e551 [pattern=UrlPattern{inclusions=[/sessions/init/*], exclusions=[]}]
2023.07.08 13:10:44 INFO  web[][o.s.s.p.w.MasterServletFilter] Initializing servlet filter org.sonar.server.authentication.SamlValidationRedirectionFilter@6463852b [pattern=UrlPattern{inclusions=[/oauth2/callback/saml], exclusions=[]}]
2023.07.08 13:10:44 INFO  web[][o.s.s.p.w.MasterServletFilter] Initializing servlet filter org.sonar.server.authentication.OAuth2CallbackFilter@20b682ca [pattern=UrlPattern{inclusions=[/oauth2/callback/*], exclusions=[]}]
2023.07.08 13:10:44 INFO  web[][o.s.s.p.w.MasterServletFilter] Initializing servlet filter org.sonar.server.authentication.ResetPasswordFilter@eac7b6e [pattern=UrlPattern{inclusions=[/*], exclusions=[*.css, ...]}]
2023.07.08 13:10:44 INFO  web[][o.s.s.p.w.MasterServletFilter] Initializing servlet filter org.sonar.server.authentication.ws.LoginAction@7fc8582d [pattern=UrlPattern{inclusions=[/api/authentication/login], exclusions=[]}]
2023.07.08 13:10:44 INFO  web[][o.s.s.p.w.MasterServletFilter] Initializing servlet filter org.sonar.server.authentication.ws.LogoutAction@77393ae2 [pattern=UrlPattern{inclusions=[/api/authentication/logout], exclusions=[]}]
2023.07.08 13:10:44 INFO  web[][o.s.s.p.w.MasterServletFilter] Initializing servlet filter org.sonar.server.authentication.ws.ValidateAction@69d03592 [pattern=UrlPattern{inclusions=[/api/authentication/validate], exclusions=[]}]
2023.07.08 13:10:44 INFO  web[][o.s.s.p.w.MasterServletFilter] Initializing servlet filter org.sonar.server.saml.ws.ValidationInitAction@551b4db4 [pattern=UrlPattern{inclusions=[/saml/validation_init], exclusions=[]}]
2023.07.08 13:10:44 INFO  web[][o.s.s.p.w.MasterServletFilter] Initializing servlet filter org.sonar.server.saml.ws.ValidationAction@1ee1a243 [pattern=UrlPattern{inclusions=[/saml/validation], exclusions=[]}]
2023.07.08 13:10:44 INFO  web[][o.s.s.p.w.MasterServletFilter] Initializing servlet filter org.sonar.server.user.ws.ChangePasswordAction@574d3f87 [pattern=UrlPattern{inclusions=[/api/users/change_password], exclusions=[]}]
2023.07.08 13:10:44 INFO  web[][o.s.s.p.w.MasterServletFilter] Initializing servlet filter org.sonar.server.plugins.PluginsRiskConsentFilter@2fffa298 [pattern=UrlPattern{inclusions=[/*], exclusions=[*.css, ...]}]
2023.07.08 13:10:44 INFO  web[][o.s.s.q.ProjectsInWarningDaemon] Counting number of projects in warning is not started as there are no projects in this situation.
2023.07.08 13:10:44 INFO  web[][o.s.s.p.p.PlatformLevelStartup] Running Community Edition
2023.07.08 13:10:45 INFO  web[][o.s.s.p.Platform] Web Server is operational
2023.07.08 13:23:02 INFO  web[][o.s.p.ProcessEntryPoint] Gracefully stopping process
2023.07.08 13:23:03 INFO  web[][o.s.s.n.NotificationDaemon] Notification service stopped
2023.07.08 13:23:03 INFO  web[][c.z.h.HikariDataSource] HikariPool-1 - Shutdown initiated...
2023.07.08 13:23:03 INFO  web[][c.z.h.HikariDataSource] HikariPool-1 - Shutdown completed.
2023.07.08 13:23:03 INFO  web[][o.s.s.app.WebServer] Web Server stopped
2023.07.08 13:23:42 INFO  web[][o.s.p.ProcessEntryPoint] Starting Web Server
2023.07.08 13:23:43 INFO  web[][o.s.s.p.LogServerVersion] SonarQube Server / 10.1.0.73491 / 53c01c35c264c7e3d76cf5fb955de406f36b115e
2023.07.08 13:23:43 INFO  web[][o.s.d.DefaultDatabase] Create JDBC data source for jdbc:postgresql://db:5432/sonar
2023.07.08 13:23:43 INFO  web[][c.z.h.HikariDataSource] HikariPool-1 - Starting...
2023.07.08 13:23:43 INFO  web[][c.z.h.p.HikariPool] HikariPool-1 - Added connection org.postgresql.jdbc.PgConnection@2d195ee4
2023.07.08 13:23:43 INFO  web[][c.z.h.HikariDataSource] HikariPool-1 - Start completed.
2023.07.08 13:23:44 INFO  web[][o.s.s.p.ServerFileSystemImpl] SonarQube home: /opt/sonarqube
2023.07.08 13:23:44 INFO  web[][o.s.s.u.SystemPasscodeImpl] System authentication by passcode is disabled
2023.07.08 13:23:44 INFO  web[][o.s.s.p.ServerPluginManager] Deploy C# Code Quality and Security / 9.3.0.71466 / e47cf88a6286a446a098754e5775535a330f58d7
2023.07.08 13:23:44 INFO  web[][o.s.s.p.ServerPluginManager] Deploy Clean as You Code / 2.0.0.334 / 424c67de80b14c8c1b168104a6749b9d280ef4f9
2023.07.08 13:23:44 INFO  web[][o.s.s.p.ServerPluginManager] Deploy Configuration detection fot Code Quality and Security / 1.2.0.267 / 4f37ba9ffb37a96d5883e52ad392ed32c5c6eaab
2023.07.08 13:23:44 INFO  web[][o.s.s.p.ServerPluginManager] Deploy Flex Code Quality and Security / 2.9.0.3375 / 3fb9c557effa2d3f6e4017984611e8dae60d030a
2023.07.08 13:23:44 INFO  web[][o.s.s.p.ServerPluginManager] Deploy Go Code Quality and Security / 1.13.0.4374 / dc92e7c248e31ecae6e18d94781588cc6264e517
2023.07.08 13:23:44 INFO  web[][o.s.s.p.ServerPluginManager] Deploy HTML Code Quality and Security / 3.8.0.3510 / c8f3d4a50984c6a0b0699616f98ce81a9d2893db
2023.07.08 13:23:44 INFO  web[][o.s.s.p.ServerPluginManager] Deploy IaC Code Quality and Security / 1.17.0.3976 / 5089f396ccda1f2ea0a6f2961b10042ea8c9cd69
2023.07.08 13:23:44 INFO  web[][o.s.s.p.ServerPluginManager] Deploy JaCoCo / 1.3.0.1538 / 74a7798c7cea687c72ed9df40c93eb7ea2a58c49
2023.07.08 13:23:44 INFO  web[][o.s.s.p.ServerPluginManager] Deploy Java Code Quality and Security / 7.20.0.31692 / b40c64f1075774f7232608df6636586009ab8ab3
2023.07.08 13:23:44 INFO  web[][o.s.s.p.ServerPluginManager] Deploy JavaScript/TypeScript/CSS Code Quality and Security / 10.3.1.21905 / f95f3d172103f7e438556705c96fb336b33900b4
2023.07.08 13:23:44 INFO  web[][o.s.s.p.ServerPluginManager] Deploy Kotlin Code Quality and Security / 2.15.0.2579 / 6ea5707d5a5600fc808653075f9d9cb6c21a4788
2023.07.08 13:23:44 INFO  web[][o.s.s.p.ServerPluginManager] Deploy PHP Code Quality and Security / 3.30.0.9766 / 783200fd5af4e0f8ccbf027a97ebb5f377d5014f
2023.07.08 13:23:44 INFO  web[][o.s.s.p.ServerPluginManager] Deploy Python Code Quality and Security / 4.3.0.11660 / 7914a5be1ad88eab1ebd2a3c2f7e606404601e30
2023.07.08 13:23:44 INFO  web[][o.s.s.p.ServerPluginManager] Deploy Ruby Code Quality and Security / 1.13.0.4374 / dc92e7c248e31ecae6e18d94781588cc6264e517
2023.07.08 13:23:44 INFO  web[][o.s.s.p.ServerPluginManager] Deploy Scala Code Quality and Security / 1.13.0.4374 / dc92e7c248e31ecae6e18d94781588cc6264e517
2023.07.08 13:23:44 INFO  web[][o.s.s.p.ServerPluginManager] Deploy Text Code Quality and Security / 2.1.0.1163 / 849cef77adc8d1a50235d2ef7005e23f67e2838a
2023.07.08 13:23:44 INFO  web[][o.s.s.p.ServerPluginManager] Deploy VB.NET Code Quality and Security / 9.3.0.71466 / e47cf88a6286a446a098754e5775535a330f58d7
2023.07.08 13:23:44 INFO  web[][o.s.s.p.ServerPluginManager] Deploy XML Code Quality and Security / 2.8.1.4006 / 80e5629b173cd7a47c04e97cbe1a263db84ff844
2023.07.08 13:23:48 INFO  web[][o.s.s.p.d.m.c.PostgresCharsetHandler] Verify that database charset supports UTF8
2023.07.08 13:23:48 INFO  web[][o.s.s.e.EsClientProvider] Connected to local Elasticsearch: [http://localhost:9001]
2023.07.08 13:23:48 WARN  web[][o.s.a.s.w.WebService$Action] Description is not set on action api/monitoring/metrics
2023.07.08 13:23:48 WARN  web[][o.s.a.s.w.WebService$Action] Since is not set on action api/monitoring/metrics
2023.07.08 13:23:48 WARN  web[][o.s.a.s.w.WebService$Action] The response example is not set on action api/monitoring/metrics
2023.07.08 13:23:48 WARN  web[][o.s.a.s.w.WebService$Action] The response example is not set on action api/system/liveness
2023.07.08 13:23:48 INFO  web[][o.s.s.p.w.MasterServletFilter] Initializing servlet filter org.sonar.server.platform.web.WebServiceFilter@26e8ff8c [pattern=UrlPattern{inclusions=[/api/system/migrate_db.*, ...], exclusions=[/api/components/update_key, ...]}]
2023.07.08 13:23:48 INFO  web[][o.s.w.s.DispatcherServlet] Initializing Servlet 'app'
2023.07.08 13:23:48 INFO  web[][o.s.s.p.DetectPluginChange] Detect plugin changes
2023.07.08 13:23:48 INFO  web[][o.s.s.p.DetectPluginChange] No plugin change detected
2023.07.08 13:23:49 INFO  web[][o.s.w.s.DispatcherServlet] Completed initialization in 803 ms
2023.07.08 13:23:49 INFO  web[][o.s.s.a.EmbeddedTomcat] HTTP connector enabled on port 9000
2023.07.08 13:23:50 INFO  web[][o.s.s.s.LogServerId] Server ID: 243B8A4D-AYkGNW42iRtYTtYigEho
2023.07.08 13:23:50 WARN  web[][o.s.s.a.LogOAuthWarning] For security reasons, OAuth authentication should use HTTPS. You should set the property 'Administration > Configuration > Server base URL' to a HTTPS URL.
2023.07.08 13:23:50 INFO  web[][o.s.s.p.UpdateCenterClient] Update center: https://update.sonarsource.org/update-center.properties
2023.07.08 13:23:50 WARN  web[][o.s.a.s.w.WebService$Action] The response example is not set on action saml/validation_init
2023.07.08 13:23:50 WARN  web[][o.s.a.s.w.WebService$Action] The response example is not set on action api/system/liveness
2023.07.08 13:23:50 WARN  web[][o.s.a.s.w.WebService$Action] The response example is not set on action api/plugins/download
2023.07.08 13:23:50 WARN  web[][o.s.a.s.w.WebService$Action] The response example is not set on action api/analysis_cache/get
2023.07.08 13:23:50 WARN  web[][o.s.a.s.w.WebService$Action] The response example is not set on action api/alm_integrations/check_pat
2023.07.08 13:23:50 WARN  web[][o.s.a.s.w.WebService$Action] The response example is not set on action api/push/sonarlint_events
2023.07.08 13:23:50 WARN  web[][o.s.a.s.w.WebService$Action] Since is not set on action api/cayc/issues_creation_histogram
2023.07.08 13:23:50 WARN  web[][o.s.a.s.w.WebService$Action] The response example is not set on action api/cayc/issues_creation_histogram
2023.07.08 13:23:50 INFO  web[][o.s.s.a.p.ExpiredSessionsCleaner] Purge of expired session tokens has removed 0 elements
2023.07.08 13:23:50 INFO  web[][o.s.s.a.p.ExpiredSessionsCleaner] Purge of expired SAML message ids has removed 0 elements
2023.07.08 13:23:50 INFO  web[][o.s.s.n.NotificationDaemon] Notification service started (delay 60 sec.)
2023.07.08 13:23:50 INFO  web[][o.s.s.t.TelemetryDaemon] Sharing of SonarQube statistics is enabled.
2023.07.08 13:23:50 INFO  web[][o.s.w.s.DispatcherServlet] Initializing Servlet 'app'
2023.07.08 13:23:51 INFO  web[][o.s.w.s.DispatcherServlet] Completed initialization in 130 ms
2023.07.08 13:23:51 INFO  web[][o.s.s.s.GeneratePluginIndex] Generate scanner plugin index
2023.07.08 13:23:51 INFO  web[][o.s.s.s.RegisterPermissionTemplates] Register permission templates
2023.07.08 13:23:51 INFO  web[][o.s.s.s.RenameDeprecatedPropertyKeys] Rename deprecated property keys
2023.07.08 13:23:51 INFO  web[][o.s.s.s.RegisterPlugins] Register plugins
2023.07.08 13:23:51 INFO  web[][o.s.s.p.w.MasterServletFilter] Initializing servlet filter org.sonar.server.platform.web.SonarLintConnectionFilter@359dc085 [pattern=UrlPattern{inclusions=[/api/*], exclusions=[/api/v2/*]}]
2023.07.08 13:23:51 INFO  web[][o.s.s.p.w.MasterServletFilter] Initializing servlet filter org.sonar.server.platform.web.WebServiceFilter@6f8afd5f [pattern=UrlPattern{inclusions=[/api/issues/delete_comment.*, ...], exclusions=[/api/authentication/login.*, ...]}]
2023.07.08 13:23:51 INFO  web[][o.s.s.p.w.MasterServletFilter] Initializing servlet filter org.sonar.server.platform.web.WebServiceReroutingFilter@44d85538 [pattern=UrlPattern{inclusions=[/api/components/update_key, ...], exclusions=[]}]
2023.07.08 13:23:51 INFO  web[][o.s.s.p.w.MasterServletFilter] Initializing servlet filter org.sonar.server.authentication.DefaultAdminCredentialsVerifierFilter@2dd31d71 [pattern=UrlPattern{inclusions=[/*], exclusions=[*.css, ...]}]
2023.07.08 13:23:51 INFO  web[][o.s.s.p.w.MasterServletFilter] Initializing servlet filter org.sonar.server.authentication.InitFilter@761169a6 [pattern=UrlPattern{inclusions=[/sessions/init/*], exclusions=[]}]
2023.07.08 13:23:51 INFO  web[][o.s.s.p.w.MasterServletFilter] Initializing servlet filter org.sonar.server.authentication.SamlValidationRedirectionFilter@4e49023e [pattern=UrlPattern{inclusions=[/oauth2/callback/saml], exclusions=[]}]
2023.07.08 13:23:51 INFO  web[][o.s.s.p.w.MasterServletFilter] Initializing servlet filter org.sonar.server.authentication.OAuth2CallbackFilter@48beef5a [pattern=UrlPattern{inclusions=[/oauth2/callback/*], exclusions=[]}]
2023.07.08 13:23:51 INFO  web[][o.s.s.p.w.MasterServletFilter] Initializing servlet filter org.sonar.server.authentication.ResetPasswordFilter@7d335ba9 [pattern=UrlPattern{inclusions=[/*], exclusions=[*.css, ...]}]
2023.07.08 13:23:51 INFO  web[][o.s.s.p.w.MasterServletFilter] Initializing servlet filter org.sonar.server.authentication.ws.LoginAction@3942ea6b [pattern=UrlPattern{inclusions=[/api/authentication/login], exclusions=[]}]
2023.07.08 13:23:51 INFO  web[][o.s.s.p.w.MasterServletFilter] Initializing servlet filter org.sonar.server.authentication.ws.LogoutAction@ee9573 [pattern=UrlPattern{inclusions=[/api/authentication/logout], exclusions=[]}]
2023.07.08 13:23:51 INFO  web[][o.s.s.p.w.MasterServletFilter] Initializing servlet filter org.sonar.server.authentication.ws.ValidateAction@39e97606 [pattern=UrlPattern{inclusions=[/api/authentication/validate], exclusions=[]}]
2023.07.08 13:23:51 INFO  web[][o.s.s.p.w.MasterServletFilter] Initializing servlet filter org.sonar.server.saml.ws.ValidationInitAction@34f10f19 [pattern=UrlPattern{inclusions=[/saml/validation_init], exclusions=[]}]
2023.07.08 13:23:51 INFO  web[][o.s.s.p.w.MasterServletFilter] Initializing servlet filter org.sonar.server.saml.ws.ValidationAction@55883eb0 [pattern=UrlPattern{inclusions=[/saml/validation], exclusions=[]}]
2023.07.08 13:23:51 INFO  web[][o.s.s.p.w.MasterServletFilter] Initializing servlet filter org.sonar.server.user.ws.ChangePasswordAction@9251f0 [pattern=UrlPattern{inclusions=[/api/users/change_password], exclusions=[]}]
2023.07.08 13:23:51 INFO  web[][o.s.s.p.w.MasterServletFilter] Initializing servlet filter org.sonar.server.plugins.PluginsRiskConsentFilter@6cceb2e [pattern=UrlPattern{inclusions=[/*], exclusions=[*.css, ...]}]
2023.07.08 13:23:51 INFO  web[][o.s.s.q.ProjectsInWarningDaemon] Counting number of projects in warning is not started as there are no projects in this situation.
2023.07.08 13:23:51 INFO  web[][o.s.s.p.p.PlatformLevelStartup] Running Community Edition
2023.07.08 13:23:51 INFO  web[][o.s.s.p.Platform] Web Server is operational
